<?xml version="1.0" encoding="UTF-8"?>
<testsuite xmlns:xsi="http://www.w3.org/2001/XMLSchema-instance" xsi:noNamespaceSchemaLocation="https://maven.apache.org/surefire/maven-surefire-plugin/xsd/surefire-test-report.xsd" version="3.0.2" name="com.nsaano.app.backend.BackendApplicationTests" time="28.991" tests="1" errors="0" skipped="0" failures="0">
  <properties>
[...]
</properties>
  <testcase name="contextLoads" classname="com.nsaano.app.backend.BackendApplicationTests" time="1.831">
    <system-out><![CDATA[15:19:46.855 [main] INFO org.springframework.test.context.support.AnnotationConfigContextLoaderUtils -- Could not detect default configuration classes for test class [com.nsaano.app.backend.BackendApplicationTests]: BackendApplicationTests does not declare any static, non-private, non-final, nested classes annotated with @Configuration.
15:19:47.127 [main] INFO org.springframework.boot.test.context.SpringBootTestContextBootstrapper -- Found @SpringBootConfiguration com.nsaano.app.backend.BackendApplication for test class com.nsaano.app.backend.BackendApplicationTests

  .   ____          _            __ _ _
 /\\ / ___'_ __ _ _(_)_ __  __ _ \ \ \ \
( ( )\___ | '_ | '_| | '_ \/ _` | \ \ \ \
 \\/  ___)| |_)| | | | | || (_| |  ) ) ) )
  '  |____| .__|_| |_|_| |_\__, | / / / /
 =========|_|==============|___/=/_/_/_/

 :: Spring Boot ::                (v3.4.4)

2025-04-06T15:19:48.563Z  INFO 19916 --- [           main] c.n.app.backend.BackendApplicationTests  : Starting BackendApplicationTests using Java 17.0.12 with PID 19916 (started by nexTGen GH in C:\Users\nexTGen GH\OneDrive\Documents\nsaano_backend)
2025-04-06T15:19:48.563Z  INFO 19916 --- [           main] c.n.app.backend.BackendApplicationTests  : No active profile set, falling back to 1 default profile: "default"
2025-04-06T15:19:48.563Z DEBUG 19916 --- [           main] o.s.boot.SpringApplication               : Loading source class com.nsaano.app.backend.BackendApplication
2025-04-06T15:19:48.651Z DEBUG 19916 --- [           main] o.s.w.c.s.GenericWebApplicationContext   : Refreshing org.springframework.web.context.support.GenericWebApplicationContext@e362c57
2025-04-06T15:19:48.690Z DEBUG 19916 --- [           main] o.s.b.f.s.DefaultListableBeanFactory     : Creating shared instance of singleton bean 'org.springframework.context.annotation.internalConfigurationAnnotationProcessor'
2025-04-06T15:19:48.725Z DEBUG 19916 --- [           main] o.s.b.f.s.DefaultListableBeanFactory     : Creating shared instance of singleton bean 'org.springframework.boot.autoconfigure.internalCachingMetadataReaderFactory'
2025-04-06T15:19:48.829Z DEBUG 19916 --- [           main] o.s.c.a.ClassPathBeanDefinitionScanner   : Identified candidate component class: file [C:\Users\nexTGen GH\OneDrive\Documents\nsaano_backend\target\classes\com\nsaano\app\backend\Controller\ApiControllers.class]
2025-04-06T15:19:48.829Z DEBUG 19916 --- [           main] o.s.c.a.ClassPathBeanDefinitionScanner   : Identified candidate component class: file [C:\Users\nexTGen GH\OneDrive\Documents\nsaano_backend\target\classes\com\nsaano\app\backend\Controller\AppointmentController.class]
2025-04-06T15:19:48.845Z DEBUG 19916 --- [           main] o.s.c.a.ClassPathBeanDefinitionScanner   : Identified candidate component class: file [C:\Users\nexTGen GH\OneDrive\Documents\nsaano_backend\target\classes\com\nsaano\app\backend\Controller\ServiceProviderController.class]
2025-04-06T15:19:48.845Z DEBUG 19916 --- [           main] o.s.c.a.ClassPathBeanDefinitionScanner   : Identified candidate component class: file [C:\Users\nexTGen GH\OneDrive\Documents\nsaano_backend\target\classes\com\nsaano\app\backend\Controller\ServiceProviderImageController.class]
2025-04-06T15:19:48.876Z DEBUG 19916 --- [           main] o.s.c.a.ClassPathBeanDefinitionScanner   : Ignored because not a concrete top-level class: file [C:\Users\nexTGen GH\OneDrive\Documents\nsaano_backend\target\classes\com\nsaano\app\backend\Repo\ServiceProviderRepo.class]
2025-04-06T15:19:48.876Z DEBUG 19916 --- [           main] o.s.c.a.ClassPathBeanDefinitionScanner   : Identified candidate component class: file [C:\Users\nexTGen GH\OneDrive\Documents\nsaano_backend\target\classes\com\nsaano\app\backend\SecurityConfig.class]
2025-04-06T15:19:49.607Z DEBUG 19916 --- [           main] ySourcesPropertyResolver$DefaultResolver : Found key 'DB_HOST' in PropertySource 'systemEnvironment' with value of type String
2025-04-06T15:19:49.607Z DEBUG 19916 --- [           main] ySourcesPropertyResolver$DefaultResolver : Found key 'DB_PORT' in PropertySource 'systemEnvironment' with value of type String
2025-04-06T15:19:49.607Z DEBUG 19916 --- [           main] ySourcesPropertyResolver$DefaultResolver : Found key 'DB_NAME' in PropertySource 'systemEnvironment' with value of type String
2025-04-06T15:19:51.178Z  INFO 19916 --- [           main] .s.d.r.c.RepositoryConfigurationDelegate : Bootstrapping Spring Data JPA repositories in DEFAULT mode.
2025-04-06T15:19:51.202Z DEBUG 19916 --- [           main] o.s.b.f.s.DefaultListableBeanFactory     : Creating shared instance of singleton bean 'org.springframework.boot.autoconfigure.AutoConfigurationPackages'
2025-04-06T15:19:51.206Z DEBUG 19916 --- [           main] o.s.b.a.AutoConfigurationPackages        : @EnableAutoConfiguration was declared on a class in the package 'com.nsaano.app.backend'. Automatic @Repository and @Entity scanning is enabled.
2025-04-06T15:19:51.221Z DEBUG 19916 --- [           main] .s.d.r.c.RepositoryConfigurationDelegate : Scanning for JPA repositories in packages com.nsaano.app.backend.
2025-04-06T15:19:51.237Z DEBUG 19916 --- [           main] o.s.d.r.c.RepositoryComponentProvider    : Identified candidate component class: file [C:\Users\nexTGen GH\OneDrive\Documents\nsaano_backend\target\classes\com\nsaano\app\backend\Repo\AppointmentRepo.class]
2025-04-06T15:19:51.253Z DEBUG 19916 --- [           main] o.s.d.r.c.RepositoryComponentProvider    : Identified candidate component class: file [C:\Users\nexTGen GH\OneDrive\Documents\nsaano_backend\target\classes\com\nsaano\app\backend\Repo\ServiceProviderRepo.class]
2025-04-06T15:19:51.253Z DEBUG 19916 --- [           main] o.s.d.r.c.RepositoryComponentProvider    : Identified candidate component class: file [C:\Users\nexTGen GH\OneDrive\Documents\nsaano_backend\target\classes\com\nsaano\app\backend\Repo\UserRepo.class]
2025-04-06T15:19:51.347Z  INFO 19916 --- [           main] .s.d.r.c.RepositoryConfigurationDelegate : Finished Spring Data repository scanning in 131 ms. Found 3 JPA repository interfaces.
2025-04-06T15:19:51.582Z DEBUG 19916 --- [           main] o.s.b.f.s.DefaultListableBeanFactory     : Creating shared instance of singleton bean 'springSecurityHandlerMappingIntrospectorBeanDefinitionRegistryPostProcessor'
2025-04-06T15:19:51.803Z DEBUG 19916 --- [           main] o.s.b.f.s.DefaultListableBeanFactory     : Creating shared instance of singleton bean 'propertySourcesPlaceholderConfigurer'
2025-04-06T15:19:51.819Z DEBUG 19916 --- [           main] o.s.b.f.s.DefaultListableBeanFactory     : Creating shared instance of singleton bean 'org.springframework.boot.test.mock.mockito.MockitoPostProcessor'
2025-04-06T15:19:51.819Z DEBUG 19916 --- [           main] o.s.b.f.s.DefaultListableBeanFactory     : Creating shared instance of singleton bean 'emBeanDefinitionRegistrarPostProcessor'
2025-04-06T15:19:51.819Z DEBUG 19916 --- [           main] o.s.b.f.s.DefaultListableBeanFactory     : Creating shared instance of singleton bean 'org.springframework.boot.sql.init.dependency.DatabaseInitializationDependencyConfigurer$DependsOnDatabaseInitializationPostProcessor'
2025-04-06T15:19:51.992Z DEBUG 19916 --- [           main] o.s.b.f.s.DefaultListableBeanFactory     : Creating shared instance of singleton bean 'org.springframework.context.event.internalEventListenerProcessor'
2025-04-06T15:19:51.992Z DEBUG 19916 --- [           main] o.s.b.f.s.DefaultListableBeanFactory     : Creating shared instance of singleton bean 'preserveErrorControllerTargetClassPostProcessor'
2025-04-06T15:19:51.992Z DEBUG 19916 --- [           main] o.s.b.f.s.DefaultListableBeanFactory     : Creating shared instance of singleton bean 'conversionServicePostProcessor'
2025-04-06T15:19:52.008Z DEBUG 19916 --- [           main] o.s.b.f.s.DefaultListableBeanFactory     : Creating shared instance of singleton bean 'org.springframework.context.event.internalEventListenerFactory'
2025-04-06T15:19:52.008Z DEBUG 19916 --- [           main] o.s.b.f.s.DefaultListableBeanFactory     : Creating shared instance of singleton bean 'org.springframework.transaction.config.internalTransactionalEventListenerFactory'
2025-04-06T15:19:52.026Z DEBUG 19916 --- [           main] o.s.b.f.s.DefaultListableBeanFactory     : Creating shared instance of singleton bean 'org.springframework.boot.test.mock.mockito.MockitoPostProcessor$SpyPostProcessor'
2025-04-06T15:19:52.027Z DEBUG 19916 --- [           main] o.s.b.f.s.DefaultListableBeanFactory     : Creating shared instance of singleton bean 'org.springframework.context.annotation.internalAutowiredAnnotationProcessor'
2025-04-06T15:19:52.027Z DEBUG 19916 --- [           main] o.s.b.f.s.DefaultListableBeanFactory     : Creating shared instance of singleton bean 'org.springframework.context.annotation.internalCommonAnnotationProcessor'
2025-04-06T15:19:52.039Z DEBUG 19916 --- [           main] o.s.b.f.s.DefaultListableBeanFactory     : Creating shared instance of singleton bean 'org.springframework.context.annotation.internalPersistenceAnnotationProcessor'
2025-04-06T15:19:52.039Z DEBUG 19916 --- [           main] o.s.b.f.s.DefaultListableBeanFactory     : Creating shared instance of singleton bean 'org.springframework.boot.context.properties.ConfigurationPropertiesBindingPostProcessor'
2025-04-06T15:19:52.039Z DEBUG 19916 --- [           main] o.s.b.f.s.DefaultListableBeanFactory     : Creating shared instance of singleton bean 'org.springframework.boot.context.internalConfigurationPropertiesBinder'
2025-04-06T15:19:52.039Z DEBUG 19916 --- [           main] o.s.b.f.s.DefaultListableBeanFactory     : Creating shared instance of singleton bean 'jdbcConnectionDetailsHikariBeanPostProcessor'
2025-04-06T15:19:52.057Z DEBUG 19916 --- [           main] o.s.b.f.s.DefaultListableBeanFactory     : Creating shared instance of singleton bean 'org.springframework.aop.config.internalAutoProxyCreator'
2025-04-06T15:19:52.103Z DEBUG 19916 --- [           main] o.s.b.f.s.DefaultListableBeanFactory     : Creating shared instance of singleton bean 'persistenceExceptionTranslationPostProcessor'
2025-04-06T15:19:52.103Z DEBUG 19916 --- [           main] o.s.b.f.s.DefaultListableBeanFactory     : Autowiring by type from bean name 'persistenceExceptionTranslationPostProcessor' via factory method to bean named 'environment'
2025-04-06T15:19:52.118Z DEBUG 19916 --- [           main] o.s.b.f.s.DefaultListableBeanFactory     : Creating shared instance of singleton bean 'webServerFactoryCustomizerBeanPostProcessor'
2025-04-06T15:19:52.118Z DEBUG 19916 --- [           main] o.s.b.f.s.DefaultListableBeanFactory     : Creating shared instance of singleton bean 'errorPageRegistrarBeanPostProcessor'
2025-04-06T15:19:52.118Z DEBUG 19916 --- [           main] o.s.b.f.s.DefaultListableBeanFactory     : Creating shared instance of singleton bean 'healthEndpointGroupsBeanPostProcessor'
2025-04-06T15:19:52.118Z DEBUG 19916 --- [           main] o.s.b.f.s.DefaultListableBeanFactory     : Creating shared instance of singleton bean 'org.springframework.transaction.config.internalTransactionAdvisor'
2025-04-06T15:19:52.134Z DEBUG 19916 --- [           main] o.s.b.f.s.DefaultListableBeanFactory     : Creating shared instance of singleton bean 'org.springframework.transaction.annotation.ProxyTransactionManagementConfiguration'
2025-04-06T15:19:52.181Z DEBUG 19916 --- [           main] .s.a.a.a.ReflectiveAspectJAdvisorFactory : Found AspectJ method: public java.lang.Object io.micrometer.observation.aop.ObservedAspect.observeClass(org.aspectj.lang.ProceedingJoinPoint) throws java.lang.Throwable
2025-04-06T15:19:52.183Z DEBUG 19916 --- [           main] .s.a.a.a.ReflectiveAspectJAdvisorFactory : Found AspectJ method: public java.lang.Object io.micrometer.observation.aop.ObservedAspect.observeMethod(org.aspectj.lang.ProceedingJoinPoint) throws java.lang.Throwable
2025-04-06T15:19:52.625Z DEBUG 19916 --- [           main] o.s.b.f.s.DefaultListableBeanFactory     : Creating shared instance of singleton bean 'transactionAttributeSource'
2025-04-06T15:19:52.642Z DEBUG 19916 --- [           main] o.s.b.f.s.DefaultListableBeanFactory     : Creating shared instance of singleton bean 'transactionInterceptor'
2025-04-06T15:19:52.643Z DEBUG 19916 --- [           main] o.s.b.f.s.DefaultListableBeanFactory     : Autowiring by type from bean name 'transactionInterceptor' via factory method to bean named 'transactionAttributeSource'
2025-04-06T15:19:52.653Z DEBUG 19916 --- [           main] o.s.b.f.s.DefaultListableBeanFactory     : Autowiring by type from bean name 'org.springframework.transaction.config.internalTransactionAdvisor' via factory method to bean named 'transactionAttributeSource'
2025-04-06T15:19:52.654Z DEBUG 19916 --- [           main] o.s.b.f.s.DefaultListableBeanFactory     : Autowiring by type from bean name 'org.springframework.transaction.config.internalTransactionAdvisor' via factory method to bean named 'transactionInterceptor'
2025-04-06T15:19:52.665Z DEBUG 19916 --- [           main] o.s.b.f.s.DefaultListableBeanFactory     : Creating shared instance of singleton bean 'meterRegistryPostProcessor'
2025-04-06T15:19:52.667Z DEBUG 19916 --- [           main] o.s.b.f.s.DefaultListableBeanFactory     : Autowiring by type from bean name 'meterRegistryPostProcessor' via factory method to bean named 'org.springframework.web.context.support.GenericWebApplicationContext@e362c57'
2025-04-06T15:19:52.678Z DEBUG 19916 --- [           main] o.s.b.f.s.DefaultListableBeanFactory     : Creating shared instance of singleton bean 'metricsRepositoryMethodInvocationListenerBeanPostProcessor'
2025-04-06T15:19:52.685Z DEBUG 19916 --- [           main] o.s.b.f.s.DefaultListableBeanFactory     : Creating shared instance of singleton bean 'observationRegistryPostProcessor'
2025-04-06T15:19:52.694Z DEBUG 19916 --- [           main] o.s.b.f.s.DefaultListableBeanFactory     : Creating shared instance of singleton bean 'projectingArgumentResolverBeanPostProcessor'
2025-04-06T15:19:52.756Z DEBUG 19916 --- [           main] o.s.u.c.s.UiApplicationContextUtils      : Unable to locate ThemeSource with name 'themeSource': using default [org.springframework.ui.context.support.ResourceBundleThemeSource@13278a41]
2025-04-06T15:19:52.759Z DEBUG 19916 --- [           main] o.s.b.f.s.DefaultListableBeanFactory     : Creating shared instance of singleton bean 'org.springframework.test.context.support.internalDynamicPropertyRegistrarBeanInitializer'
2025-04-06T15:19:52.759Z DEBUG 19916 --- [           main] o.s.b.f.s.DefaultListableBeanFactory     : Creating shared instance of singleton bean 'dataSourceScriptDatabaseInitializer'
2025-04-06T15:19:52.759Z DEBUG 19916 --- [           main] o.s.b.f.s.DefaultListableBeanFactory     : Creating shared instance of singleton bean 'org.springframework.boot.autoconfigure.sql.init.DataSourceInitializationConfiguration'
2025-04-06T15:19:52.774Z DEBUG 19916 --- [           main] o.s.b.f.s.DefaultListableBeanFactory     : Creating shared instance of singleton bean 'dataSource'
2025-04-06T15:19:52.774Z DEBUG 19916 --- [           main] o.s.b.f.s.DefaultListableBeanFactory     : Creating shared instance of singleton bean 'org.springframework.boot.autoconfigure.jdbc.DataSourceConfiguration$Hikari'
2025-04-06T15:19:52.774Z DEBUG 19916 --- [           main] o.s.b.f.s.DefaultListableBeanFactory     : Creating shared instance of singleton bean 'spring.datasource-org.springframework.boot.autoconfigure.jdbc.DataSourceProperties'
2025-04-06T15:19:52.789Z DEBUG 19916 --- [           main] o.s.b.f.s.DefaultListableBeanFactory     : Creating shared instance of singleton bean 'org.springframework.boot.context.properties.BoundConfigurationProperties'
2025-04-06T15:19:52.821Z DEBUG 19916 --- [           main] ySourcesPropertyResolver$DefaultResolver : Found key 'DB_PASSWORD' in PropertySource 'systemEnvironment' with value of type String
2025-04-06T15:19:52.821Z DEBUG 19916 --- [           main] ySourcesPropertyResolver$DefaultResolver : Found key 'DB_HOST' in PropertySource 'systemEnvironment' with value of type String
2025-04-06T15:19:52.821Z DEBUG 19916 --- [           main] ySourcesPropertyResolver$DefaultResolver : Found key 'DB_PORT' in PropertySource 'systemEnvironment' with value of type String
2025-04-06T15:19:52.821Z DEBUG 19916 --- [           main] ySourcesPropertyResolver$DefaultResolver : Found key 'DB_NAME' in PropertySource 'systemEnvironment' with value of type String
2025-04-06T15:19:52.821Z DEBUG 19916 --- [           main] ySourcesPropertyResolver$DefaultResolver : Found key 'DB_USERNAME' in PropertySource 'systemEnvironment' with value of type String
2025-04-06T15:19:52.845Z DEBUG 19916 --- [           main] o.s.b.f.s.DefaultListableBeanFactory     : Creating shared instance of singleton bean 'jdbcConnectionDetails'
2025-04-06T15:19:52.846Z DEBUG 19916 --- [           main] o.s.b.f.s.DefaultListableBeanFactory     : Creating shared instance of singleton bean 'org.springframework.boot.autoconfigure.jdbc.DataSourceAutoConfiguration$PooledDataSourceConfiguration'
2025-04-06T15:19:52.847Z DEBUG 19916 --- [           main] o.s.b.f.s.DefaultListableBeanFactory     : Autowiring by type from bean name 'jdbcConnectionDetails' via factory method to bean named 'spring.datasource-org.springframework.boot.autoconfigure.jdbc.DataSourceProperties'
2025-04-06T15:19:52.853Z DEBUG 19916 --- [           main] o.s.b.f.s.DefaultListableBeanFactory     : Autowiring by type from bean name 'dataSource' via factory method to bean named 'spring.datasource-org.springframework.boot.autoconfigure.jdbc.DataSourceProperties'
2025-04-06T15:19:52.853Z DEBUG 19916 --- [           main] o.s.b.f.s.DefaultListableBeanFactory     : Autowiring by type from bean name 'dataSource' via factory method to bean named 'jdbcConnectionDetails'
2025-04-06T15:19:52.951Z DEBUG 19916 --- [           main] o.s.b.f.s.DefaultListableBeanFactory     : Creating shared instance of singleton bean 'spring.sql.init-org.springframework.boot.autoconfigure.sql.init.SqlInitializationProperties'
2025-04-06T15:19:52.963Z DEBUG 19916 --- [           main] o.s.b.f.s.DefaultListableBeanFactory     : Autowiring by type from bean name 'dataSourceScriptDatabaseInitializer' via factory method to bean named 'dataSource'
2025-04-06T15:19:52.963Z DEBUG 19916 --- [           main] o.s.b.f.s.DefaultListableBeanFactory     : Autowiring by type from bean name 'dataSourceScriptDatabaseInitializer' via factory method to bean named 'spring.sql.init-org.springframework.boot.autoconfigure.sql.init.SqlInitializationProperties'
2025-04-06T15:19:52.978Z DEBUG 19916 --- [           main] o.s.b.f.s.DefaultListableBeanFactory     : Creating shared instance of singleton bean 'entityManagerFactory'
2025-04-06T15:19:52.978Z DEBUG 19916 --- [           main] o.s.b.f.s.DefaultListableBeanFactory     : Creating shared instance of singleton bean 'org.springframework.boot.autoconfigure.orm.jpa.HibernateJpaConfiguration'
2025-04-06T15:19:52.978Z DEBUG 19916 --- [           main] o.s.b.f.s.DefaultListableBeanFactory     : Creating shared instance of singleton bean 'spring.jpa-org.springframework.boot.autoconfigure.orm.jpa.JpaProperties'
2025-04-06T15:19:53.004Z DEBUG 19916 --- [           main] o.s.b.f.s.DefaultListableBeanFactory     : Creating shared instance of singleton bean 'spring.jpa.hibernate-org.springframework.boot.autoconfigure.orm.jpa.HibernateProperties'
2025-04-06T15:19:53.010Z DEBUG 19916 --- [           main] o.s.b.f.s.DefaultListableBeanFactory     : Autowiring by type from bean name 'org.springframework.boot.autoconfigure.orm.jpa.HibernateJpaConfiguration' via constructor to bean named 'dataSource'
2025-04-06T15:19:53.010Z DEBUG 19916 --- [           main] o.s.b.f.s.DefaultListableBeanFactory     : Autowiring by type from bean name 'org.springframework.boot.autoconfigure.orm.jpa.HibernateJpaConfiguration' via constructor to bean named 'spring.jpa-org.springframework.boot.autoconfigure.orm.jpa.JpaProperties'
2025-04-06T15:19:53.010Z DEBUG 19916 --- [           main] o.s.b.f.s.DefaultListableBeanFactory     : Autowiring by type from bean name 'org.springframework.boot.autoconfigure.orm.jpa.HibernateJpaConfiguration' via constructor to bean named 'org.springframework.beans.factory.support.DefaultListableBeanFactory@7a94b64e'
2025-04-06T15:19:53.010Z DEBUG 19916 --- [           main] o.s.b.f.s.DefaultListableBeanFactory     : Autowiring by type from bean name 'org.springframework.boot.autoconfigure.orm.jpa.HibernateJpaConfiguration' via constructor to bean named 'spring.jpa.hibernate-org.springframework.boot.autoconfigure.orm.jpa.HibernateProperties'
2025-04-06T15:19:53.010Z DEBUG 19916 --- [           main] o.s.b.f.s.DefaultListableBeanFactory     : Creating shared instance of singleton bean 'hikariPoolDataSourceMetadataProvider'
2025-04-06T15:19:53.010Z DEBUG 19916 --- [           main] o.s.b.f.s.DefaultListableBeanFactory     : Creating shared instance of singleton bean 'org.springframework.boot.autoconfigure.jdbc.metadata.DataSourcePoolMetadataProvidersConfiguration$HikariPoolDataSourceMetadataProviderConfiguration'
2025-04-06T15:19:53.041Z DEBUG 19916 --- [           main] o.s.b.f.s.DefaultListableBeanFactory     : Creating shared instance of singleton bean 'entityManagerFactoryBuilder'
2025-04-06T15:19:53.041Z DEBUG 19916 --- [           main] o.s.b.f.s.DefaultListableBeanFactory     : Creating shared instance of singleton bean 'jpaVendorAdapter'
2025-04-06T15:19:53.114Z DEBUG 19916 --- [           main] o.s.b.f.s.DefaultListableBeanFactory     : Autowiring by type from bean name 'entityManagerFactoryBuilder' via factory method to bean named 'jpaVendorAdapter'
2025-04-06T15:19:53.125Z DEBUG 19916 --- [           main] o.s.b.f.s.DefaultListableBeanFactory     : Creating shared instance of singleton bean 'persistenceManagedTypes'
2025-04-06T15:19:53.132Z DEBUG 19916 --- [           main] o.s.b.f.s.DefaultListableBeanFactory     : Autowiring by type from bean name 'persistenceManagedTypes' via factory method to bean named 'org.springframework.beans.factory.support.DefaultListableBeanFactory@7a94b64e'
2025-04-06T15:19:53.132Z DEBUG 19916 --- [           main] o.s.b.f.s.DefaultListableBeanFactory     : Autowiring by type from bean name 'persistenceManagedTypes' via factory method to bean named 'org.springframework.web.context.support.GenericWebApplicationContext@e362c57'
2025-04-06T15:19:53.160Z DEBUG 19916 --- [           main] o.s.b.f.s.DefaultListableBeanFactory     : Autowiring by type from bean name 'entityManagerFactory' via factory method to bean named 'entityManagerFactoryBuilder'
2025-04-06T15:19:53.161Z DEBUG 19916 --- [           main] o.s.b.f.s.DefaultListableBeanFactory     : Autowiring by type from bean name 'entityManagerFactory' via factory method to bean named 'persistenceManagedTypes'
2025-04-06T15:19:53.215Z DEBUG 19916 --- [           main] j.LocalContainerEntityManagerFactoryBean : Building JPA container EntityManagerFactory for persistence unit 'default'
2025-04-06T15:19:53.348Z DEBUG 19916 --- [           main] o.hibernate.jpa.internal.util.LogHelper  : PersistenceUnitInfo [
	name: default
	persistence provider classname: null
	classloader: jdk.internal.loader.ClassLoaders$AppClassLoader@73d16e93
	excludeUnlistedClasses: true
	JTA datasource: null
	Non JTA datasource: HikariDataSource (null)
	Transaction type: RESOURCE_LOCAL
	PU root URL: file:/C:/Users/nexTGen%20GH/OneDrive/Documents/nsaano_backend/target/test-classes/
	Shared Cache Mode: UNSPECIFIED
	Validation Mode: AUTO
	Jar files URLs []
	Managed classes names [
		com.nsaano.app.backend.Models.Appointment
		com.nsaano.app.backend.Models.Location
		com.nsaano.app.backend.Models.ServiceProvider
		com.nsaano.app.backend.Models.User]
	Mapping files names []
	Properties []
2025-04-06T15:19:53.396Z DEBUG 19916 --- [           main] o.h.i.internal.IntegratorServiceImpl     : Adding Integrator [org.hibernate.boot.beanvalidation.BeanValidationIntegrator].
2025-04-06T15:19:53.396Z DEBUG 19916 --- [           main] o.h.i.internal.IntegratorServiceImpl     : Adding Integrator [org.hibernate.cache.internal.CollectionCacheInvalidator].
2025-04-06T15:19:53.555Z  INFO 19916 --- [           main] org.hibernate.Version                    : HHH000412: Hibernate ORM core version 6.6.11.Final
2025-04-06T15:19:53.555Z DEBUG 19916 --- [           main] org.hibernate.cfg.Environment            : HHH000206: 'hibernate.properties' not found
2025-04-06T15:19:53.634Z DEBUG 19916 --- [           main] org.hibernate.orm.idgen.factory          : Registering IdentifierGenerator strategy [uuid2] -> [org.hibernate.id.UUIDGenerator]
2025-04-06T15:19:53.634Z DEBUG 19916 --- [           main] org.hibernate.orm.idgen.factory          : Registering IdentifierGenerator strategy [guid] -> [org.hibernate.id.GUIDGenerator]
2025-04-06T15:19:53.634Z DEBUG 19916 --- [           main] org.hibernate.orm.idgen.factory          : Registering IdentifierGenerator strategy [uuid] -> [org.hibernate.id.UUIDHexGenerator]
2025-04-06T15:19:53.634Z DEBUG 19916 --- [           main] org.hibernate.orm.idgen.factory          : Registering IdentifierGenerator strategy [uuid.hex] -> [org.hibernate.id.UUIDHexGenerator]
2025-04-06T15:19:53.634Z DEBUG 19916 --- [           main] org.hibernate.orm.idgen.factory          : Registering IdentifierGenerator strategy [assigned] -> [org.hibernate.id.Assigned]
2025-04-06T15:19:53.634Z DEBUG 19916 --- [           main] org.hibernate.orm.idgen.factory          : Registering IdentifierGenerator strategy [identity] -> [org.hibernate.id.IdentityGenerator]
2025-04-06T15:19:53.634Z DEBUG 19916 --- [           main] org.hibernate.orm.idgen.factory          : Registering IdentifierGenerator strategy [select] -> [org.hibernate.id.SelectGenerator]
2025-04-06T15:19:53.634Z DEBUG 19916 --- [           main] org.hibernate.orm.idgen.factory          : Registering IdentifierGenerator strategy [sequence] -> [org.hibernate.id.enhanced.SequenceStyleGenerator]
2025-04-06T15:19:53.634Z DEBUG 19916 --- [           main] org.hibernate.orm.idgen.factory          : Registering IdentifierGenerator strategy [increment] -> [org.hibernate.id.IncrementGenerator]
2025-04-06T15:19:53.649Z DEBUG 19916 --- [           main] org.hibernate.orm.idgen.factory          : Registering IdentifierGenerator strategy [foreign] -> [org.hibernate.id.ForeignGenerator]
2025-04-06T15:19:53.649Z DEBUG 19916 --- [           main] org.hibernate.orm.idgen.factory          : Registering IdentifierGenerator strategy [enhanced-sequence] -> [org.hibernate.id.enhanced.SequenceStyleGenerator]
2025-04-06T15:19:53.649Z DEBUG 19916 --- [           main] org.hibernate.orm.idgen.factory          : Registering IdentifierGenerator strategy [enhanced-table] -> [org.hibernate.id.enhanced.TableGenerator]
2025-04-06T15:19:53.665Z DEBUG 19916 --- [           main] o.h.c.internal.RegionFactoryInitiator    : Cannot default RegionFactory based on registered strategies as `[]` RegionFactory strategies were registered
2025-04-06T15:19:53.665Z  INFO 19916 --- [           main] o.h.c.internal.RegionFactoryInitiator    : HHH000026: Second-level cache disabled
2025-04-06T15:19:54.053Z DEBUG 19916 --- [           main] org.hibernate.type.BasicTypeRegistry     : Adding type registration boolean -> org.hibernate.type.BasicTypeReference@5b665a30
2025-04-06T15:19:54.054Z DEBUG 19916 --- [           main] org.hibernate.type.BasicTypeRegistry     : Adding type registration boolean -> org.hibernate.type.BasicTypeReference@5b665a30
2025-04-06T15:19:54.054Z DEBUG 19916 --- [           main] org.hibernate.type.BasicTypeRegistry     : Adding type registration java.lang.Boolean -> org.hibernate.type.BasicTypeReference@5b665a30
2025-04-06T15:19:54.054Z DEBUG 19916 --- [           main] org.hibernate.type.BasicTypeRegistry     : Adding type registration numeric_boolean -> org.hibernate.type.BasicTypeReference@26a45089
2025-04-06T15:19:54.054Z DEBUG 19916 --- [           main] org.hibernate.type.BasicTypeRegistry     : Adding type registration org.hibernate.type.NumericBooleanConverter -> org.hibernate.type.BasicTypeReference@26a45089
2025-04-06T15:19:54.054Z DEBUG 19916 --- [           main] org.hibernate.type.BasicTypeRegistry     : Adding type registration true_false -> org.hibernate.type.BasicTypeReference@75ed7512
2025-04-06T15:19:54.055Z DEBUG 19916 --- [           main] org.hibernate.type.BasicTypeRegistry     : Adding type registration org.hibernate.type.TrueFalseConverter -> org.hibernate.type.BasicTypeReference@75ed7512
2025-04-06T15:19:54.055Z DEBUG 19916 --- [           main] org.hibernate.type.BasicTypeRegistry     : Adding type registration yes_no -> org.hibernate.type.BasicTypeReference@5ab5924c
2025-04-06T15:19:54.055Z DEBUG 19916 --- [           main] org.hibernate.type.BasicTypeRegistry     : Adding type registration org.hibernate.type.YesNoConverter -> org.hibernate.type.BasicTypeReference@5ab5924c
2025-04-06T15:19:54.055Z DEBUG 19916 --- [           main] org.hibernate.type.BasicTypeRegistry     : Adding type registration byte -> org.hibernate.type.BasicTypeReference@33ebe4f0
2025-04-06T15:19:54.055Z DEBUG 19916 --- [           main] org.hibernate.type.BasicTypeRegistry     : Adding type registration byte -> org.hibernate.type.BasicTypeReference@33ebe4f0
2025-04-06T15:19:54.056Z DEBUG 19916 --- [           main] org.hibernate.type.BasicTypeRegistry     : Adding type registration java.lang.Byte -> org.hibernate.type.BasicTypeReference@33ebe4f0
2025-04-06T15:19:54.056Z DEBUG 19916 --- [           main] org.hibernate.type.BasicTypeRegistry     : Adding type registration binary -> org.hibernate.type.BasicTypeReference@37cfda1c
2025-04-06T15:19:54.056Z DEBUG 19916 --- [           main] org.hibernate.type.BasicTypeRegistry     : Adding type registration byte[] -> org.hibernate.type.BasicTypeReference@37cfda1c
2025-04-06T15:19:54.056Z DEBUG 19916 --- [           main] org.hibernate.type.BasicTypeRegistry     : Adding type registration [B -> org.hibernate.type.BasicTypeReference@37cfda1c
2025-04-06T15:19:54.056Z DEBUG 19916 --- [           main] org.hibernate.type.BasicTypeRegistry     : Adding type registration binary_wrapper -> org.hibernate.type.BasicTypeReference@29147c12
2025-04-06T15:19:54.056Z DEBUG 19916 --- [           main] org.hibernate.type.BasicTypeRegistry     : Adding type registration wrapper-binary -> org.hibernate.type.BasicTypeReference@29147c12
2025-04-06T15:19:54.057Z DEBUG 19916 --- [           main] org.hibernate.type.BasicTypeRegistry     : Adding type registration image -> org.hibernate.type.BasicTypeReference@5f45bc8e
2025-04-06T15:19:54.057Z DEBUG 19916 --- [           main] org.hibernate.type.BasicTypeRegistry     : Adding type registration blob -> org.hibernate.type.BasicTypeReference@33e50ff2
2025-04-06T15:19:54.057Z DEBUG 19916 --- [           main] org.hibernate.type.BasicTypeRegistry     : Adding type registration java.sql.Blob -> org.hibernate.type.BasicTypeReference@33e50ff2
2025-04-06T15:19:54.057Z DEBUG 19916 --- [           main] org.hibernate.type.BasicTypeRegistry     : Adding type registration materialized_blob -> org.hibernate.type.BasicTypeReference@7ab33ca8
2025-04-06T15:19:54.057Z DEBUG 19916 --- [           main] org.hibernate.type.BasicTypeRegistry     : Adding type registration materialized_blob_wrapper -> org.hibernate.type.BasicTypeReference@704d3b00
2025-04-06T15:19:54.057Z DEBUG 19916 --- [           main] org.hibernate.type.BasicTypeRegistry     : Adding type registration short -> org.hibernate.type.BasicTypeReference@21e484b
2025-04-06T15:19:54.058Z DEBUG 19916 --- [           main] org.hibernate.type.BasicTypeRegistry     : Adding type registration short -> org.hibernate.type.BasicTypeReference@21e484b
2025-04-06T15:19:54.058Z DEBUG 19916 --- [           main] org.hibernate.type.BasicTypeRegistry     : Adding type registration java.lang.Short -> org.hibernate.type.BasicTypeReference@21e484b
2025-04-06T15:19:54.058Z DEBUG 19916 --- [           main] org.hibernate.type.BasicTypeRegistry     : Adding type registration integer -> org.hibernate.type.BasicTypeReference@191f4d65
2025-04-06T15:19:54.058Z DEBUG 19916 --- [           main] org.hibernate.type.BasicTypeRegistry     : Adding type registration int -> org.hibernate.type.BasicTypeReference@191f4d65
2025-04-06T15:19:54.059Z DEBUG 19916 --- [           main] org.hibernate.type.BasicTypeRegistry     : Adding type registration java.lang.Integer -> org.hibernate.type.BasicTypeReference@191f4d65
2025-04-06T15:19:54.060Z DEBUG 19916 --- [           main] org.hibernate.type.BasicTypeRegistry     : Adding type registration long -> org.hibernate.type.BasicTypeReference@7a2a7492
2025-04-06T15:19:54.061Z DEBUG 19916 --- [           main] org.hibernate.type.BasicTypeRegistry     : Adding type registration long -> org.hibernate.type.BasicTypeReference@7a2a7492
2025-04-06T15:19:54.061Z DEBUG 19916 --- [           main] org.hibernate.type.BasicTypeRegistry     : Adding type registration java.lang.Long -> org.hibernate.type.BasicTypeReference@7a2a7492
2025-04-06T15:19:54.061Z DEBUG 19916 --- [           main] org.hibernate.type.BasicTypeRegistry     : Adding type registration float -> org.hibernate.type.BasicTypeReference@6326c5ec
2025-04-06T15:19:54.061Z DEBUG 19916 --- [           main] org.hibernate.type.BasicTypeRegistry     : Adding type registration float -> org.hibernate.type.BasicTypeReference@6326c5ec
2025-04-06T15:19:54.061Z DEBUG 19916 --- [           main] org.hibernate.type.BasicTypeRegistry     : Adding type registration java.lang.Float -> org.hibernate.type.BasicTypeReference@6326c5ec
2025-04-06T15:19:54.061Z DEBUG 19916 --- [           main] org.hibernate.type.BasicTypeRegistry     : Adding type registration double -> org.hibernate.type.BasicTypeReference@138a85d3
2025-04-06T15:19:54.061Z DEBUG 19916 --- [           main] org.hibernate.type.BasicTypeRegistry     : Adding type registration double -> org.hibernate.type.BasicTypeReference@138a85d3
2025-04-06T15:19:54.061Z DEBUG 19916 --- [           main] org.hibernate.type.BasicTypeRegistry     : Adding type registration java.lang.Double -> org.hibernate.type.BasicTypeReference@138a85d3
2025-04-06T15:19:54.062Z DEBUG 19916 --- [           main] org.hibernate.type.BasicTypeRegistry     : Adding type registration big_integer -> org.hibernate.type.BasicTypeReference@709d86a2
2025-04-06T15:19:54.062Z DEBUG 19916 --- [           main] org.hibernate.type.BasicTypeRegistry     : Adding type registration java.math.BigInteger -> org.hibernate.type.BasicTypeReference@709d86a2
2025-04-06T15:19:54.062Z DEBUG 19916 --- [           main] org.hibernate.type.BasicTypeRegistry     : Adding type registration big_decimal -> org.hibernate.type.BasicTypeReference@59baf2c7
2025-04-06T15:19:54.062Z DEBUG 19916 --- [           main] org.hibernate.type.BasicTypeRegistry     : Adding type registration java.math.BigDecimal -> org.hibernate.type.BasicTypeReference@59baf2c7
2025-04-06T15:19:54.062Z DEBUG 19916 --- [           main] org.hibernate.type.BasicTypeRegistry     : Adding type registration character -> org.hibernate.type.BasicTypeReference@ce655b9
2025-04-06T15:19:54.062Z DEBUG 19916 --- [           main] org.hibernate.type.BasicTypeRegistry     : Adding type registration char -> org.hibernate.type.BasicTypeReference@ce655b9
2025-04-06T15:19:54.062Z DEBUG 19916 --- [           main] org.hibernate.type.BasicTypeRegistry     : Adding type registration java.lang.Character -> org.hibernate.type.BasicTypeReference@ce655b9
2025-04-06T15:19:54.062Z DEBUG 19916 --- [           main] org.hibernate.type.BasicTypeRegistry     : Adding type registration character_nchar -> org.hibernate.type.BasicTypeReference@4b85edeb
2025-04-06T15:19:54.062Z DEBUG 19916 --- [           main] org.hibernate.type.BasicTypeRegistry     : Adding type registration string -> org.hibernate.type.BasicTypeReference@5731caaf
2025-04-06T15:19:54.063Z DEBUG 19916 --- [           main] org.hibernate.type.BasicTypeRegistry     : Adding type registration java.lang.String -> org.hibernate.type.BasicTypeReference@5731caaf
2025-04-06T15:19:54.063Z DEBUG 19916 --- [           main] org.hibernate.type.BasicTypeRegistry     : Adding type registration nstring -> org.hibernate.type.BasicTypeReference@59933644
2025-04-06T15:19:54.063Z DEBUG 19916 --- [           main] org.hibernate.type.BasicTypeRegistry     : Adding type registration characters -> org.hibernate.type.BasicTypeReference@67e6eb52
2025-04-06T15:19:54.063Z DEBUG 19916 --- [           main] org.hibernate.type.BasicTypeRegistry     : Adding type registration char[] -> org.hibernate.type.BasicTypeReference@67e6eb52
2025-04-06T15:19:54.063Z DEBUG 19916 --- [           main] org.hibernate.type.BasicTypeRegistry     : Adding type registration [C -> org.hibernate.type.BasicTypeReference@67e6eb52
2025-04-06T15:19:54.063Z DEBUG 19916 --- [           main] org.hibernate.type.BasicTypeRegistry     : Adding type registration wrapper-characters -> org.hibernate.type.BasicTypeReference@3e8b8f0
2025-04-06T15:19:54.063Z DEBUG 19916 --- [           main] org.hibernate.type.BasicTypeRegistry     : Adding type registration text -> org.hibernate.type.BasicTypeReference@5ad57e90
2025-04-06T15:19:54.063Z DEBUG 19916 --- [           main] org.hibernate.type.BasicTypeRegistry     : Adding type registration ntext -> org.hibernate.type.BasicTypeReference@1a345298
2025-04-06T15:19:54.064Z DEBUG 19916 --- [           main] org.hibernate.type.BasicTypeRegistry     : Adding type registration clob -> org.hibernate.type.BasicTypeReference@4ad896f7
2025-04-06T15:19:54.064Z DEBUG 19916 --- [           main] org.hibernate.type.BasicTypeRegistry     : Adding type registration java.sql.Clob -> org.hibernate.type.BasicTypeReference@4ad896f7
2025-04-06T15:19:54.064Z DEBUG 19916 --- [           main] org.hibernate.type.BasicTypeRegistry     : Adding type registration nclob -> org.hibernate.type.BasicTypeReference@c318864
2025-04-06T15:19:54.064Z DEBUG 19916 --- [           main] org.hibernate.type.BasicTypeRegistry     : Adding type registration java.sql.NClob -> org.hibernate.type.BasicTypeReference@c318864
2025-04-06T15:19:54.064Z DEBUG 19916 --- [           main] org.hibernate.type.BasicTypeRegistry     : Adding type registration materialized_clob -> org.hibernate.type.BasicTypeReference@7d61468c
2025-04-06T15:19:54.064Z DEBUG 19916 --- [           main] org.hibernate.type.BasicTypeRegistry     : Adding type registration materialized_clob_char_array -> org.hibernate.type.BasicTypeReference@45796b2a
2025-04-06T15:19:54.064Z DEBUG 19916 --- [           main] org.hibernate.type.BasicTypeRegistry     : Adding type registration materialized_clob_character_array -> org.hibernate.type.BasicTypeReference@4b98225c
2025-04-06T15:19:54.065Z DEBUG 19916 --- [           main] org.hibernate.type.BasicTypeRegistry     : Adding type registration materialized_nclob -> org.hibernate.type.BasicTypeReference@4beae1e3
2025-04-06T15:19:54.065Z DEBUG 19916 --- [           main] org.hibernate.type.BasicTypeRegistry     : Adding type registration materialized_nclob_character_array -> org.hibernate.type.BasicTypeReference@3c488b34
2025-04-06T15:19:54.065Z DEBUG 19916 --- [           main] org.hibernate.type.BasicTypeRegistry     : Adding type registration materialized_nclob_char_array -> org.hibernate.type.BasicTypeReference@32e697ac
2025-04-06T15:19:54.065Z DEBUG 19916 --- [           main] org.hibernate.type.BasicTypeRegistry     : Adding type registration Duration -> org.hibernate.type.BasicTypeReference@3866c96e
2025-04-06T15:19:54.065Z DEBUG 19916 --- [           main] org.hibernate.type.BasicTypeRegistry     : Adding type registration java.time.Duration -> org.hibernate.type.BasicTypeReference@3866c96e
2025-04-06T15:19:54.066Z DEBUG 19916 --- [           main] org.hibernate.type.BasicTypeRegistry     : Adding type registration LocalDateTime -> org.hibernate.type.BasicTypeReference@241fc278
2025-04-06T15:19:54.066Z DEBUG 19916 --- [           main] org.hibernate.type.BasicTypeRegistry     : Adding type registration java.time.LocalDateTime -> org.hibernate.type.BasicTypeReference@241fc278
2025-04-06T15:19:54.066Z DEBUG 19916 --- [           main] org.hibernate.type.BasicTypeRegistry     : Adding type registration LocalDate -> org.hibernate.type.BasicTypeReference@5c76fce4
2025-04-06T15:19:54.066Z DEBUG 19916 --- [           main] org.hibernate.type.BasicTypeRegistry     : Adding type registration java.time.LocalDate -> org.hibernate.type.BasicTypeReference@5c76fce4
2025-04-06T15:19:54.066Z DEBUG 19916 --- [           main] org.hibernate.type.BasicTypeRegistry     : Adding type registration LocalTime -> org.hibernate.type.BasicTypeReference@5aab5b31
2025-04-06T15:19:54.066Z DEBUG 19916 --- [           main] org.hibernate.type.BasicTypeRegistry     : Adding type registration java.time.LocalTime -> org.hibernate.type.BasicTypeReference@5aab5b31
2025-04-06T15:19:54.067Z DEBUG 19916 --- [           main] org.hibernate.type.BasicTypeRegistry     : Adding type registration OffsetDateTime -> org.hibernate.type.BasicTypeReference@5408d4b3
2025-04-06T15:19:54.067Z DEBUG 19916 --- [           main] org.hibernate.type.BasicTypeRegistry     : Adding type registration java.time.OffsetDateTime -> org.hibernate.type.BasicTypeReference@5408d4b3
2025-04-06T15:19:54.067Z DEBUG 19916 --- [           main] org.hibernate.type.BasicTypeRegistry     : Adding type registration OffsetDateTimeWithTimezone -> org.hibernate.type.BasicTypeReference@eded048
2025-04-06T15:19:54.067Z DEBUG 19916 --- [           main] org.hibernate.type.BasicTypeRegistry     : Adding type registration OffsetDateTimeWithoutTimezone -> org.hibernate.type.BasicTypeReference@65a48cab
2025-04-06T15:19:54.067Z DEBUG 19916 --- [           main] org.hibernate.type.BasicTypeRegistry     : Adding type registration OffsetTime -> org.hibernate.type.BasicTypeReference@655621fd
2025-04-06T15:19:54.067Z DEBUG 19916 --- [           main] org.hibernate.type.BasicTypeRegistry     : Adding type registration java.time.OffsetTime -> org.hibernate.type.BasicTypeReference@655621fd
2025-04-06T15:19:54.068Z DEBUG 19916 --- [           main] org.hibernate.type.BasicTypeRegistry     : Adding type registration OffsetTimeUtc -> org.hibernate.type.BasicTypeReference@77e9dca8
2025-04-06T15:19:54.068Z DEBUG 19916 --- [           main] org.hibernate.type.BasicTypeRegistry     : Adding type registration OffsetTimeWithTimezone -> org.hibernate.type.BasicTypeReference@fcd0e8d
2025-04-06T15:19:54.068Z DEBUG 19916 --- [           main] org.hibernate.type.BasicTypeRegistry     : Adding type registration OffsetTimeWithoutTimezone -> org.hibernate.type.BasicTypeReference@4e4d0a0b
2025-04-06T15:19:54.068Z DEBUG 19916 --- [           main] org.hibernate.type.BasicTypeRegistry     : Adding type registration ZonedDateTime -> org.hibernate.type.BasicTypeReference@1a4083f6
2025-04-06T15:19:54.068Z DEBUG 19916 --- [           main] org.hibernate.type.BasicTypeRegistry     : Adding type registration java.time.ZonedDateTime -> org.hibernate.type.BasicTypeReference@1a4083f6
2025-04-06T15:19:54.068Z DEBUG 19916 --- [           main] org.hibernate.type.BasicTypeRegistry     : Adding type registration ZonedDateTimeWithTimezone -> org.hibernate.type.BasicTypeReference@23f5008a
2025-04-06T15:19:54.069Z DEBUG 19916 --- [           main] org.hibernate.type.BasicTypeRegistry     : Adding type registration ZonedDateTimeWithoutTimezone -> org.hibernate.type.BasicTypeReference@44abdb1f
2025-04-06T15:19:54.069Z DEBUG 19916 --- [           main] org.hibernate.type.BasicTypeRegistry     : Adding type registration date -> org.hibernate.type.BasicTypeReference@62108cd3
2025-04-06T15:19:54.069Z DEBUG 19916 --- [           main] org.hibernate.type.BasicTypeRegistry     : Adding type registration java.sql.Date -> org.hibernate.type.BasicTypeReference@62108cd3
2025-04-06T15:19:54.069Z DEBUG 19916 --- [           main] org.hibernate.type.BasicTypeRegistry     : Adding type registration time -> org.hibernate.type.BasicTypeReference@7cd1ec54
2025-04-06T15:19:54.069Z DEBUG 19916 --- [           main] org.hibernate.type.BasicTypeRegistry     : Adding type registration java.sql.Time -> org.hibernate.type.BasicTypeReference@7cd1ec54
2025-04-06T15:19:54.069Z DEBUG 19916 --- [           main] org.hibernate.type.BasicTypeRegistry     : Adding type registration timestamp -> org.hibernate.type.BasicTypeReference@77ab5214
2025-04-06T15:19:54.070Z DEBUG 19916 --- [           main] org.hibernate.type.BasicTypeRegistry     : Adding type registration java.sql.Timestamp -> org.hibernate.type.BasicTypeReference@77ab5214
2025-04-06T15:19:54.070Z DEBUG 19916 --- [           main] org.hibernate.type.BasicTypeRegistry     : Adding type registration java.util.Date -> org.hibernate.type.BasicTypeReference@77ab5214
2025-04-06T15:19:54.070Z DEBUG 19916 --- [           main] org.hibernate.type.BasicTypeRegistry     : Adding type registration calendar -> org.hibernate.type.BasicTypeReference@6d420cdd
2025-04-06T15:19:54.070Z DEBUG 19916 --- [           main] org.hibernate.type.BasicTypeRegistry     : Adding type registration java.util.Calendar -> org.hibernate.type.BasicTypeReference@6d420cdd
2025-04-06T15:19:54.070Z DEBUG 19916 --- [           main] org.hibernate.type.BasicTypeRegistry     : Adding type registration java.util.GregorianCalendar -> org.hibernate.type.BasicTypeReference@6d420cdd
2025-04-06T15:19:54.070Z DEBUG 19916 --- [           main] org.hibernate.type.BasicTypeRegistry     : Adding type registration calendar_date -> org.hibernate.type.BasicTypeReference@bd273b2
2025-04-06T15:19:54.071Z DEBUG 19916 --- [           main] org.hibernate.type.BasicTypeRegistry     : Adding type registration calendar_time -> org.hibernate.type.BasicTypeReference@78128dd0
2025-04-06T15:19:54.071Z DEBUG 19916 --- [           main] org.hibernate.type.BasicTypeRegistry     : Adding type registration instant -> org.hibernate.type.BasicTypeReference@55044b34
2025-04-06T15:19:54.071Z DEBUG 19916 --- [           main] org.hibernate.type.BasicTypeRegistry     : Adding type registration java.time.Instant -> org.hibernate.type.BasicTypeReference@55044b34
2025-04-06T15:19:54.071Z DEBUG 19916 --- [           main] org.hibernate.type.BasicTypeRegistry     : Adding type registration uuid -> org.hibernate.type.BasicTypeReference@28dd81ad
2025-04-06T15:19:54.071Z DEBUG 19916 --- [           main] org.hibernate.type.BasicTypeRegistry     : Adding type registration java.util.UUID -> org.hibernate.type.BasicTypeReference@28dd81ad
2025-04-06T15:19:54.072Z DEBUG 19916 --- [           main] org.hibernate.type.BasicTypeRegistry     : Adding type registration pg-uuid -> org.hibernate.type.BasicTypeReference@28dd81ad
2025-04-06T15:19:54.072Z DEBUG 19916 --- [           main] org.hibernate.type.BasicTypeRegistry     : Adding type registration uuid-binary -> org.hibernate.type.BasicTypeReference@300a38e7
2025-04-06T15:19:54.072Z DEBUG 19916 --- [           main] org.hibernate.type.BasicTypeRegistry     : Adding type registration uuid-char -> org.hibernate.type.BasicTypeReference@5c9a4f3b
2025-04-06T15:19:54.072Z DEBUG 19916 --- [           main] org.hibernate.type.BasicTypeRegistry     : Adding type registration class -> org.hibernate.type.BasicTypeReference@2bb0e277
2025-04-06T15:19:54.072Z DEBUG 19916 --- [           main] org.hibernate.type.BasicTypeRegistry     : Adding type registration java.lang.Class -> org.hibernate.type.BasicTypeReference@2bb0e277
2025-04-06T15:19:54.072Z DEBUG 19916 --- [           main] org.hibernate.type.BasicTypeRegistry     : Adding type registration currency -> org.hibernate.type.BasicTypeReference@6f24ce45
2025-04-06T15:19:54.073Z DEBUG 19916 --- [           main] org.hibernate.type.BasicTypeRegistry     : Adding type registration Currency -> org.hibernate.type.BasicTypeReference@6f24ce45
2025-04-06T15:19:54.073Z DEBUG 19916 --- [           main] org.hibernate.type.BasicTypeRegistry     : Adding type registration java.util.Currency -> org.hibernate.type.BasicTypeReference@6f24ce45
2025-04-06T15:19:54.073Z DEBUG 19916 --- [           main] org.hibernate.type.BasicTypeRegistry     : Adding type registration locale -> org.hibernate.type.BasicTypeReference@e881e46
2025-04-06T15:19:54.073Z DEBUG 19916 --- [           main] org.hibernate.type.BasicTypeRegistry     : Adding type registration java.util.Locale -> org.hibernate.type.BasicTypeReference@e881e46
2025-04-06T15:19:54.073Z DEBUG 19916 --- [           main] org.hibernate.type.BasicTypeRegistry     : Adding type registration serializable -> org.hibernate.type.BasicTypeReference@657b3b
2025-04-06T15:19:54.073Z DEBUG 19916 --- [           main] org.hibernate.type.BasicTypeRegistry     : Adding type registration java.io.Serializable -> org.hibernate.type.BasicTypeReference@657b3b
2025-04-06T15:19:54.073Z DEBUG 19916 --- [           main] org.hibernate.type.BasicTypeRegistry     : Adding type registration timezone -> org.hibernate.type.BasicTypeReference@2cea921a
2025-04-06T15:19:54.073Z DEBUG 19916 --- [           main] org.hibernate.type.BasicTypeRegistry     : Adding type registration java.util.TimeZone -> org.hibernate.type.BasicTypeReference@2cea921a
2025-04-06T15:19:54.073Z DEBUG 19916 --- [           main] org.hibernate.type.BasicTypeRegistry     : Adding type registration ZoneOffset -> org.hibernate.type.BasicTypeReference@65753724
2025-04-06T15:19:54.074Z DEBUG 19916 --- [           main] org.hibernate.type.BasicTypeRegistry     : Adding type registration java.time.ZoneOffset -> org.hibernate.type.BasicTypeReference@65753724
2025-04-06T15:19:54.074Z DEBUG 19916 --- [           main] org.hibernate.type.BasicTypeRegistry     : Adding type registration url -> org.hibernate.type.BasicTypeReference@2bc16fe2
2025-04-06T15:19:54.074Z DEBUG 19916 --- [           main] org.hibernate.type.BasicTypeRegistry     : Adding type registration java.net.URL -> org.hibernate.type.BasicTypeReference@2bc16fe2
2025-04-06T15:19:54.074Z DEBUG 19916 --- [           main] org.hibernate.type.BasicTypeRegistry     : Adding type registration vector -> org.hibernate.type.BasicTypeReference@d66502
2025-04-06T15:19:54.074Z DEBUG 19916 --- [           main] org.hibernate.type.BasicTypeRegistry     : Adding type registration float_vector -> org.hibernate.type.BasicTypeReference@78545d40
2025-04-06T15:19:54.074Z DEBUG 19916 --- [           main] org.hibernate.type.BasicTypeRegistry     : Adding type registration double_vector -> org.hibernate.type.BasicTypeReference@34549979
2025-04-06T15:19:54.075Z DEBUG 19916 --- [           main] org.hibernate.type.BasicTypeRegistry     : Adding type registration byte_vector -> org.hibernate.type.BasicTypeReference@144a5e6e
2025-04-06T15:19:54.075Z DEBUG 19916 --- [           main] org.hibernate.type.BasicTypeRegistry     : Adding type registration row_version -> org.hibernate.type.BasicTypeReference@2707c790
2025-04-06T15:19:54.087Z DEBUG 19916 --- [           main] org.hibernate.type.BasicTypeRegistry     : Adding type registration object -> org.hibernate.type.JavaObjectType@21b744ec
2025-04-06T15:19:54.088Z DEBUG 19916 --- [           main] org.hibernate.type.BasicTypeRegistry     : Adding type registration java.lang.Object -> org.hibernate.type.JavaObjectType@21b744ec
2025-04-06T15:19:54.090Z DEBUG 19916 --- [           main] org.hibernate.type.BasicTypeRegistry     : Adding type registration null -> org.hibernate.type.NullType@3d3930fe
2025-04-06T15:19:54.091Z DEBUG 19916 --- [           main] org.hibernate.type.BasicTypeRegistry     : Adding type registration imm_date -> org.hibernate.type.BasicTypeReference@5e51ec2e
2025-04-06T15:19:54.092Z DEBUG 19916 --- [           main] org.hibernate.type.BasicTypeRegistry     : Adding type registration imm_time -> org.hibernate.type.BasicTypeReference@15f2a43f
2025-04-06T15:19:54.092Z DEBUG 19916 --- [           main] org.hibernate.type.BasicTypeRegistry     : Adding type registration imm_timestamp -> org.hibernate.type.BasicTypeReference@4c65d8e3
2025-04-06T15:19:54.092Z DEBUG 19916 --- [           main] org.hibernate.type.BasicTypeRegistry     : Adding type registration imm_calendar -> org.hibernate.type.BasicTypeReference@382faf51
2025-04-06T15:19:54.092Z DEBUG 19916 --- [           main] org.hibernate.type.BasicTypeRegistry     : Adding type registration imm_calendar_date -> org.hibernate.type.BasicTypeReference@69ce14e6
2025-04-06T15:19:54.092Z DEBUG 19916 --- [           main] org.hibernate.type.BasicTypeRegistry     : Adding type registration imm_calendar_time -> org.hibernate.type.BasicTypeReference@699d96bc
2025-04-06T15:19:54.093Z DEBUG 19916 --- [           main] org.hibernate.type.BasicTypeRegistry     : Adding type registration imm_binary -> org.hibernate.type.BasicTypeReference@b5de9ac
2025-04-06T15:19:54.093Z DEBUG 19916 --- [           main] org.hibernate.type.BasicTypeRegistry     : Adding type registration imm_serializable -> org.hibernate.type.BasicTypeReference@4ecd8ab1
2025-04-06T15:19:54.105Z DEBUG 19916 --- [           main] o.h.boot.internal.BootstrapContextImpl   : Injecting JPA temp ClassLoader [org.springframework.instrument.classloading.SimpleThrowawayClassLoader@63553e9f] into BootstrapContext; was [null]
2025-04-06T15:19:54.105Z DEBUG 19916 --- [           main] o.h.boot.internal.ClassLoaderAccessImpl  : ClassLoaderAccessImpl#injectTempClassLoader(org.springframework.instrument.classloading.SimpleThrowawayClassLoader@63553e9f) [was null]
2025-04-06T15:19:54.107Z DEBUG 19916 --- [           main] o.h.boot.internal.BootstrapContextImpl   : Injecting ScanEnvironment [org.hibernate.jpa.boot.internal.StandardJpaScanEnvironmentImpl@51132514] into BootstrapContext; was [null]
2025-04-06T15:19:54.107Z DEBUG 19916 --- [           main] o.h.boot.internal.BootstrapContextImpl   : Injecting ScanOptions [org.hibernate.boot.archive.scan.internal.StandardScanOptions@20864cd1] into BootstrapContext; was [org.hibernate.boot.archive.scan.internal.StandardScanOptions@5c839677]
2025-04-06T15:19:54.150Z DEBUG 19916 --- [           main] o.h.j.b.i.PersistenceUnitInfoDescriptor  : Pushing class transformers for PU named 'default' on loading classloader jdk.internal.loader.ClassLoaders$AppClassLoader@73d16e93
2025-04-06T15:19:55.124Z  INFO 19916 --- [           main] o.s.o.j.p.SpringPersistenceUnitInfo      : No LoadTimeWeaver setup: ignoring JPA class transformer
2025-04-06T15:19:55.124Z DEBUG 19916 --- [           main] o.h.boot.internal.BootstrapContextImpl   : Injecting JPA temp ClassLoader [null] into BootstrapContext; was [org.springframework.instrument.classloading.SimpleThrowawayClassLoader@63553e9f]
2025-04-06T15:19:55.124Z DEBUG 19916 --- [           main] o.h.boot.internal.ClassLoaderAccessImpl  : ClassLoaderAccessImpl#injectTempClassLoader(null) [was org.springframework.instrument.classloading.SimpleThrowawayClassLoader@63553e9f]
2025-04-06T15:19:55.345Z  INFO 19916 --- [           main] com.zaxxer.hikari.HikariDataSource       : HikariPool-1 - Starting...
2025-04-06T15:19:57.109Z  INFO 19916 --- [           main] com.zaxxer.hikari.pool.HikariPool        : HikariPool-1 - Added connection com.mysql.cj.jdbc.ConnectionImpl@53d87b2d
2025-04-06T15:19:57.112Z  INFO 19916 --- [           main] com.zaxxer.hikari.HikariDataSource       : HikariPool-1 - Start completed.
2025-04-06T15:19:57.115Z DEBUG 19916 --- [           main] o.h.e.j.e.i.JdbcEnvironmentInitiator     : Database ->
	   name : MySQL
	version : 5.5.5-10.11.11-MariaDB
	  major : 5
	  minor : 5
2025-04-06T15:19:57.115Z DEBUG 19916 --- [           main] o.h.e.j.e.i.JdbcEnvironmentInitiator     : Driver ->
	   name : MySQL Connector/J
	version : mysql-connector-java-8.0.26 (Revision: 9aae1e450989d62c06616c1dcda3e404ef84df70)
	  major : 8
	  minor : 0
2025-04-06T15:19:57.115Z DEBUG 19916 --- [           main] o.h.e.j.e.i.JdbcEnvironmentInitiator     : JDBC version : 4.2
2025-04-06T15:19:57.148Z  WARN 19916 --- [           main] org.hibernate.orm.deprecation            : HHH90000025: MySQL8Dialect does not need to be specified explicitly using 'hibernate.dialect' (remove the property setting and it will be selected by default)
2025-04-06T15:19:57.148Z DEBUG 19916 --- [           main] org.hibernate.orm.dialect                : HHH035001: Using dialect: org.hibernate.dialect.MySQL8Dialect, version: 8.0
2025-04-06T15:19:57.148Z  WARN 19916 --- [           main] org.hibernate.orm.deprecation            : HHH90000026: MySQL8Dialect has been deprecated; use org.hibernate.dialect.MySQLDialect instead
2025-04-06T15:19:57.159Z DEBUG 19916 --- [           main] o.h.e.j.env.spi.IdentifierHelperBuilder  : JDBC driver metadata reported database stores quoted identifiers in more than one case
2025-04-06T15:19:57.159Z DEBUG 19916 --- [           main] o.h.e.j.env.spi.IdentifierHelperBuilder  : IdentifierCaseStrategy for both quoted and unquoted identifiers was set to the same strategy [MIXED]; that will likely lead to problems in schema update and validation if using quoted identifiers
2025-04-06T15:19:57.197Z  INFO 19916 --- [           main] org.hibernate.orm.connections.pooling    : HHH10001005: Database info:
	Database JDBC URL [Connecting through datasource 'HikariDataSource (HikariPool-1)']
	Database driver: undefined/unknown
	Database version: 8.0
	Autocommit mode: undefined/unknown
	Isolation level: undefined/unknown
	Minimum pool size: undefined/unknown
	Maximum pool size: undefined/unknown
2025-04-06T15:19:57.214Z DEBUG 19916 --- [           main] o.h.t.d.sql.spi.DdlTypeRegistry          : addDescriptor(12, org.hibernate.type.descriptor.sql.internal.CapacityDependentDdlType@54e94de9) replaced previous registration(org.hibernate.type.descriptor.sql.internal.CapacityDependentDdlType@2cff03cf)
2025-04-06T15:19:57.214Z DEBUG 19916 --- [           main] o.h.t.d.sql.spi.DdlTypeRegistry          : addDescriptor(-9, org.hibernate.type.descriptor.sql.internal.CapacityDependentDdlType@924f3f1) replaced previous registration(org.hibernate.type.descriptor.sql.internal.CapacityDependentDdlType@19e2db7c)
2025-04-06T15:19:57.215Z DEBUG 19916 --- [           main] o.h.t.d.sql.spi.DdlTypeRegistry          : addDescriptor(-3, org.hibernate.type.descriptor.sql.internal.CapacityDependentDdlType@77a4bac) replaced previous registration(org.hibernate.type.descriptor.sql.internal.CapacityDependentDdlType@534fc1f7)
2025-04-06T15:19:57.215Z DEBUG 19916 --- [           main] o.h.t.d.sql.spi.DdlTypeRegistry          : addDescriptor(4003, org.hibernate.type.descriptor.sql.internal.DdlTypeImpl@7d5a0b14) replaced previous registration(org.hibernate.type.descriptor.sql.internal.DdlTypeImpl@72ec16f8)
2025-04-06T15:19:57.215Z DEBUG 19916 --- [           main] o.h.t.d.sql.spi.DdlTypeRegistry          : addDescriptor(4001, org.hibernate.type.descriptor.sql.internal.DdlTypeImpl@279e1422) replaced previous registration(org.hibernate.type.descriptor.sql.internal.DdlTypeImpl@af3295f)
2025-04-06T15:19:57.215Z DEBUG 19916 --- [           main] o.h.t.d.sql.spi.DdlTypeRegistry          : addDescriptor(4002, org.hibernate.type.descriptor.sql.internal.DdlTypeImpl@27dc81be) replaced previous registration(org.hibernate.type.descriptor.sql.internal.DdlTypeImpl@3595086b)
2025-04-06T15:19:57.215Z DEBUG 19916 --- [           main] o.h.t.d.sql.spi.DdlTypeRegistry          : addDescriptor(2004, org.hibernate.type.descriptor.sql.internal.CapacityDependentDdlType@627d35ff) replaced previous registration(org.hibernate.type.descriptor.sql.internal.DdlTypeImpl@7157413e)
2025-04-06T15:19:57.215Z DEBUG 19916 --- [           main] o.h.t.d.sql.spi.DdlTypeRegistry          : addDescriptor(2005, org.hibernate.type.descriptor.sql.internal.CapacityDependentDdlType@3245efdb) replaced previous registration(org.hibernate.type.descriptor.sql.internal.DdlTypeImpl@2f0e7fa8)
2025-04-06T15:19:57.215Z DEBUG 19916 --- [           main] o.h.t.d.sql.spi.DdlTypeRegistry          : addDescriptor(2011, org.hibernate.type.descriptor.sql.internal.CapacityDependentDdlType@24d7657b) replaced previous registration(org.hibernate.type.descriptor.sql.internal.DdlTypeImpl@6f428e6e)
2025-04-06T15:19:57.215Z DEBUG 19916 --- [           main] o.h.t.d.jdbc.spi.JdbcTypeRegistry        : addDescriptor(NCharTypeDescriptor) replaced previous registration(CharTypeDescriptor)
2025-04-06T15:19:57.215Z DEBUG 19916 --- [           main] o.h.t.d.jdbc.spi.JdbcTypeRegistry        : addDescriptor(NVarcharTypeDescriptor) replaced previous registration(VarcharTypeDescriptor)
2025-04-06T15:19:57.215Z DEBUG 19916 --- [           main] o.h.t.d.jdbc.spi.JdbcTypeRegistry        : addDescriptor(LongNVarcharTypeDescriptor) replaced previous registration(LongVarcharTypeDescriptor)
2025-04-06T15:19:57.215Z DEBUG 19916 --- [           main] o.h.t.d.jdbc.spi.JdbcTypeRegistry        : addDescriptor(NClobTypeDescriptor(DEFAULT)) replaced previous registration(ClobTypeDescriptor(DEFAULT))
2025-04-06T15:19:57.232Z DEBUG 19916 --- [           main] org.hibernate.type.BasicTypeRegistry     : Adding type registration null -> org.hibernate.type.NullType@48da64f2
2025-04-06T15:19:57.232Z DEBUG 19916 --- [           main] org.hibernate.type.BasicTypeRegistry     : Type registration key [null] overrode previous entry : `org.hibernate.type.NullType@3d3930fe`
2025-04-06T15:19:57.246Z DEBUG 19916 --- [           main] org.hibernate.type.BasicTypeRegistry     : Adding type registration org.hibernate.type.DurationType -> basicType@1(java.time.Duration,3015)
2025-04-06T15:19:57.246Z DEBUG 19916 --- [           main] org.hibernate.type.BasicTypeRegistry     : Adding type registration Duration -> basicType@1(java.time.Duration,3015)
2025-04-06T15:19:57.247Z DEBUG 19916 --- [           main] org.hibernate.type.BasicTypeRegistry     : Adding type registration java.time.Duration -> basicType@1(java.time.Duration,3015)
2025-04-06T15:19:57.249Z DEBUG 19916 --- [           main] org.hibernate.type.BasicTypeRegistry     : Adding type registration org.hibernate.type.OffsetDateTimeType -> basicType@2(java.time.OffsetDateTime,3003)
2025-04-06T15:19:57.249Z DEBUG 19916 --- [           main] org.hibernate.type.BasicTypeRegistry     : Adding type registration OffsetDateTime -> basicType@2(java.time.OffsetDateTime,3003)
2025-04-06T15:19:57.249Z DEBUG 19916 --- [           main] org.hibernate.type.BasicTypeRegistry     : Adding type registration java.time.OffsetDateTime -> basicType@2(java.time.OffsetDateTime,3003)
2025-04-06T15:19:57.249Z DEBUG 19916 --- [           main] org.hibernate.type.BasicTypeRegistry     : Adding type registration org.hibernate.type.ZonedDateTimeType -> basicType@3(java.time.ZonedDateTime,3003)
2025-04-06T15:19:57.249Z DEBUG 19916 --- [           main] org.hibernate.type.BasicTypeRegistry     : Adding type registration ZonedDateTime -> basicType@3(java.time.ZonedDateTime,3003)
2025-04-06T15:19:57.249Z DEBUG 19916 --- [           main] org.hibernate.type.BasicTypeRegistry     : Adding type registration java.time.ZonedDateTime -> basicType@3(java.time.ZonedDateTime,3003)
2025-04-06T15:19:57.249Z DEBUG 19916 --- [           main] org.hibernate.type.BasicTypeRegistry     : Adding type registration org.hibernate.type.OffsetTimeType -> basicType@4(java.time.OffsetTime,3007)
2025-04-06T15:19:57.249Z DEBUG 19916 --- [           main] org.hibernate.type.BasicTypeRegistry     : Adding type registration OffsetTime -> basicType@4(java.time.OffsetTime,3007)
2025-04-06T15:19:57.249Z DEBUG 19916 --- [           main] org.hibernate.type.BasicTypeRegistry     : Adding type registration java.time.OffsetTime -> basicType@4(java.time.OffsetTime,3007)
2025-04-06T15:19:57.249Z DEBUG 19916 --- [           main] o.h.type.spi.TypeConfiguration$Scope     : Scoping TypeConfiguration [org.hibernate.type.spi.TypeConfiguration@22ff11ef] to MetadataBuildingContext [org.hibernate.boot.internal.MetadataBuildingContextRootImpl@7c5ac0]
2025-04-06T15:19:57.316Z DEBUG 19916 --- [           main] o.h.boot.model.relational.Namespace      : Created database namespace [logicalName=Name{catalog=null, schema=null}, physicalName=Name{catalog=null, schema=null}]
2025-04-06T15:19:57.362Z DEBUG 19916 --- [           main] o.h.boot.model.internal.EntityBinder     : Binding entity from annotated class: com.nsaano.app.backend.Models.Appointment
2025-04-06T15:19:57.379Z DEBUG 19916 --- [           main] o.h.boot.model.internal.EntityBinder     : Import with entity name Appointment
2025-04-06T15:19:57.413Z DEBUG 19916 --- [           main] o.h.boot.model.internal.EntityBinder     : Bind entity com.nsaano.app.backend.Models.Appointment on table appointment
2025-04-06T15:19:57.446Z DEBUG 19916 --- [           main] o.h.boot.model.internal.AnnotatedColumn  : Binding column: AnnotatedDiscriminatorColumn(column='DTYPE')
2025-04-06T15:19:57.546Z DEBUG 19916 --- [           main] o.h.boot.model.internal.AnnotatedColumn  : Binding column: AnnotatedColumn()
2025-04-06T15:19:57.549Z DEBUG 19916 --- [           main] o.h.boot.internal.ClassLoaderAccessImpl  : Not known whether passed class name [com.nsaano.app.backend.Models.Appointment] is safe
2025-04-06T15:19:57.549Z DEBUG 19916 --- [           main] o.h.boot.internal.ClassLoaderAccessImpl  : No temp ClassLoader provided; using live ClassLoader for loading potentially unsafe class : com.nsaano.app.backend.Models.Appointment
2025-04-06T15:19:57.551Z DEBUG 19916 --- [           main] o.h.boot.model.internal.PropertyBinder   : MetadataSourceProcessor property service_provider_id with lazy=false
2025-04-06T15:19:57.588Z DEBUG 19916 --- [           main] o.h.b.m.internal.AbstractPropertyHolder  : Attempting to locate auto-apply AttributeConverter for property [com.nsaano.app.backend.Models.Appointment.id:service_provider_id]
2025-04-06T15:19:57.594Z DEBUG 19916 --- [           main] o.h.b.model.internal.BasicValueBinder    : building BasicValue for service_provider_id
2025-04-06T15:19:57.594Z DEBUG 19916 --- [           main] org.hibernate.mapping.BasicValue         : Skipping column re-registration: appointment.service_provider_id
2025-04-06T15:19:57.608Z DEBUG 19916 --- [           main] o.h.boot.model.internal.PropertyBinder   : Building property service_provider_id
2025-04-06T15:19:57.629Z DEBUG 19916 --- [           main] o.h.boot.model.internal.AnnotatedColumn  : Binding column: AnnotatedColumn()
2025-04-06T15:19:57.629Z DEBUG 19916 --- [           main] o.h.boot.model.internal.PropertyBinder   : MetadataSourceProcessor property user_id with lazy=false
2025-04-06T15:19:57.629Z DEBUG 19916 --- [           main] o.h.b.m.internal.AbstractPropertyHolder  : Attempting to locate auto-apply AttributeConverter for property [com.nsaano.app.backend.Models.Appointment.id:user_id]
2025-04-06T15:19:57.629Z DEBUG 19916 --- [           main] o.h.b.model.internal.BasicValueBinder    : building BasicValue for user_id
2025-04-06T15:19:57.629Z DEBUG 19916 --- [           main] org.hibernate.mapping.BasicValue         : Skipping column re-registration: appointment.user_id
2025-04-06T15:19:57.629Z DEBUG 19916 --- [           main] o.h.boot.model.internal.PropertyBinder   : Building property user_id
2025-04-06T15:19:57.629Z DEBUG 19916 --- [           main] o.h.boot.model.internal.BinderHelper     : #makeIdGenerator(Component(com.nsaano.app.backend.Models.Appointment$AppointmentId), null, assigned, , ...)
2025-04-06T15:19:57.629Z DEBUG 19916 --- [           main] o.h.boot.model.internal.AnnotatedColumn  : Binding column: AnnotatedColumn()
2025-04-06T15:19:57.629Z DEBUG 19916 --- [           main] o.h.boot.model.internal.PropertyBinder   : MetadataSourceProcessor property service_provider_id with lazy=false
2025-04-06T15:19:57.629Z DEBUG 19916 --- [           main] o.h.b.m.internal.AbstractPropertyHolder  : Attempting to locate auto-apply AttributeConverter for property [com.nsaano.app.backend.Models.Appointment._identifierMapper:service_provider_id]
2025-04-06T15:19:57.629Z DEBUG 19916 --- [           main] o.h.b.model.internal.BasicValueBinder    : building BasicValue for service_provider_id
2025-04-06T15:19:57.629Z DEBUG 19916 --- [           main] org.hibernate.mapping.BasicValue         : Skipping column re-registration: appointment.service_provider_id
2025-04-06T15:19:57.629Z DEBUG 19916 --- [           main] o.h.boot.model.internal.PropertyBinder   : Building property service_provider_id
2025-04-06T15:19:57.629Z DEBUG 19916 --- [           main] o.h.boot.model.internal.AnnotatedColumn  : Binding column: AnnotatedColumn()
2025-04-06T15:19:57.629Z DEBUG 19916 --- [           main] o.h.boot.model.internal.PropertyBinder   : MetadataSourceProcessor property user_id with lazy=false
2025-04-06T15:19:57.629Z DEBUG 19916 --- [           main] o.h.b.m.internal.AbstractPropertyHolder  : Attempting to locate auto-apply AttributeConverter for property [com.nsaano.app.backend.Models.Appointment._identifierMapper:user_id]
2025-04-06T15:19:57.629Z DEBUG 19916 --- [           main] o.h.b.model.internal.BasicValueBinder    : building BasicValue for user_id
2025-04-06T15:19:57.629Z DEBUG 19916 --- [           main] org.hibernate.mapping.BasicValue         : Skipping column re-registration: appointment.user_id
2025-04-06T15:19:57.629Z DEBUG 19916 --- [           main] o.h.boot.model.internal.PropertyBinder   : Building property user_id
2025-04-06T15:19:57.629Z DEBUG 19916 --- [           main] o.h.boot.model.internal.AnnotatedColumn  : Binding column: AnnotatedColumn()
2025-04-06T15:19:57.629Z DEBUG 19916 --- [           main] o.h.boot.model.internal.PropertyBinder   : MetadataSourceProcessor property appointmentDate with lazy=false
2025-04-06T15:19:57.629Z DEBUG 19916 --- [           main] o.h.b.m.internal.AbstractPropertyHolder  : Attempting to locate auto-apply AttributeConverter for property [com.nsaano.app.backend.Models.Appointment:appointmentDate]
2025-04-06T15:19:57.629Z DEBUG 19916 --- [           main] o.h.b.model.internal.BasicValueBinder    : building BasicValue for appointmentDate
2025-04-06T15:19:57.629Z DEBUG 19916 --- [           main] org.hibernate.mapping.BasicValue         : Skipping column re-registration: appointment.appointment_date
2025-04-06T15:19:57.629Z DEBUG 19916 --- [           main] o.h.boot.model.internal.PropertyBinder   : Building property appointmentDate
2025-04-06T15:19:57.646Z DEBUG 19916 --- [           main] o.h.boot.model.internal.AnnotatedColumn  : Binding column: AnnotatedJoinColumn(column='service_provider_id',referencedColumn='service_provider_id')
2025-04-06T15:19:57.646Z DEBUG 19916 --- [           main] o.h.boot.model.internal.AnnotatedColumn  : Binding column: AnnotatedColumn()
2025-04-06T15:19:57.663Z DEBUG 19916 --- [           main] o.h.boot.model.internal.PropertyBinder   : Building property serviceProvider
2025-04-06T15:19:57.663Z DEBUG 19916 --- [           main] o.h.boot.model.internal.AnnotatedColumn  : Binding column: AnnotatedColumn()
2025-04-06T15:19:57.663Z DEBUG 19916 --- [           main] o.h.boot.model.internal.PropertyBinder   : MetadataSourceProcessor property status with lazy=false
2025-04-06T15:19:57.663Z DEBUG 19916 --- [           main] o.h.b.m.internal.AbstractPropertyHolder  : Attempting to locate auto-apply AttributeConverter for property [com.nsaano.app.backend.Models.Appointment:status]
2025-04-06T15:19:57.663Z DEBUG 19916 --- [           main] o.h.b.model.internal.BasicValueBinder    : building BasicValue for status
2025-04-06T15:19:57.663Z DEBUG 19916 --- [           main] org.hibernate.mapping.BasicValue         : Skipping column re-registration: appointment.status
2025-04-06T15:19:57.663Z DEBUG 19916 --- [           main] o.h.boot.model.internal.PropertyBinder   : Building property status
2025-04-06T15:19:57.663Z DEBUG 19916 --- [           main] o.h.boot.model.internal.AnnotatedColumn  : Binding column: AnnotatedJoinColumn(column='user_id',referencedColumn='user_id')
2025-04-06T15:19:57.663Z DEBUG 19916 --- [           main] o.h.boot.model.internal.AnnotatedColumn  : Binding column: AnnotatedColumn()
2025-04-06T15:19:57.663Z DEBUG 19916 --- [           main] o.h.boot.model.internal.PropertyBinder   : Building property user
2025-04-06T15:19:57.680Z DEBUG 19916 --- [           main] o.h.b.r.c.i.ClassLoaderServiceImpl       : HHH000194: Package not found or no package-info.java: com.nsaano.app.backend.Models
2025-04-06T15:19:57.696Z DEBUG 19916 --- [           main] o.h.boot.model.internal.EntityBinder     : Binding entity from annotated class: com.nsaano.app.backend.Models.ServiceProvider
2025-04-06T15:19:57.696Z DEBUG 19916 --- [           main] o.h.boot.model.internal.EntityBinder     : Import with entity name ServiceProvider
2025-04-06T15:19:57.696Z DEBUG 19916 --- [           main] o.h.boot.model.internal.EntityBinder     : Bind entity com.nsaano.app.backend.Models.ServiceProvider on table service_providers
2025-04-06T15:19:57.696Z DEBUG 19916 --- [           main] o.h.boot.model.internal.AnnotatedColumn  : Binding column: AnnotatedDiscriminatorColumn(column='DTYPE')
2025-04-06T15:19:57.717Z DEBUG 19916 --- [           main] o.h.boot.model.internal.AnnotatedColumn  : Binding column: AnnotatedColumn()
2025-04-06T15:19:57.717Z DEBUG 19916 --- [           main] o.h.boot.internal.ClassLoaderAccessImpl  : Not known whether passed class name [com.nsaano.app.backend.Models.ServiceProvider] is safe
2025-04-06T15:19:57.718Z DEBUG 19916 --- [           main] o.h.boot.internal.ClassLoaderAccessImpl  : No temp ClassLoader provided; using live ClassLoader for loading potentially unsafe class : com.nsaano.app.backend.Models.ServiceProvider
2025-04-06T15:19:57.718Z DEBUG 19916 --- [           main] o.h.boot.model.internal.PropertyBinder   : MetadataSourceProcessor property id with lazy=false
2025-04-06T15:19:57.718Z DEBUG 19916 --- [           main] o.h.b.m.internal.AbstractPropertyHolder  : Attempting to locate auto-apply AttributeConverter for property [com.nsaano.app.backend.Models.ServiceProvider:id]
2025-04-06T15:19:57.718Z DEBUG 19916 --- [           main] o.h.b.model.internal.BasicValueBinder    : building BasicValue for id
2025-04-06T15:19:57.718Z DEBUG 19916 --- [           main] org.hibernate.mapping.BasicValue         : Skipping column re-registration: service_providers.id
2025-04-06T15:19:57.718Z DEBUG 19916 --- [           main] o.h.boot.model.internal.PropertyBinder   : Building property id
2025-04-06T15:19:57.726Z DEBUG 19916 --- [           main] o.h.boot.model.internal.BinderHelper     : #makeIdGenerator(BasicValue([Column(id)]), id, identity, , ...)
2025-04-06T15:19:57.732Z DEBUG 19916 --- [           main] o.h.boot.model.internal.AnnotatedColumn  : Binding column: AnnotatedJoinColumn()
2025-04-06T15:19:57.733Z DEBUG 19916 --- [           main] o.h.boot.model.internal.AnnotatedColumn  : Binding column: AnnotatedColumn()
2025-04-06T15:19:57.768Z DEBUG 19916 --- [           main] o.h.boot.model.internal.AnnotatedColumn  : Binding column: IndexColumn(column='availability_ORDER')
2025-04-06T15:19:57.779Z DEBUG 19916 --- [           main] o.h.boot.model.internal.AnnotatedColumn  : Binding column: AnnotatedColumn()
2025-04-06T15:19:57.779Z DEBUG 19916 --- [           main] o.h.boot.model.internal.AnnotatedColumn  : Binding column: AnnotatedColumn(column='availability_KEY')
2025-04-06T15:19:57.779Z DEBUG 19916 --- [           main] o.h.boot.model.internal.AnnotatedColumn  : Binding column: AnnotatedJoinColumn(column='availability_KEY')
2025-04-06T15:19:57.779Z DEBUG 19916 --- [           main] o.h.boot.model.internal.AnnotatedColumn  : Binding column: AnnotatedJoinColumn()
2025-04-06T15:19:57.779Z DEBUG 19916 --- [           main] o.h.boot.model.internal.AnnotatedColumn  : Binding column: AnnotatedJoinColumn()
2025-04-06T15:19:57.779Z DEBUG 19916 --- [           main] o.h.b.model.internal.CollectionBinder    : Collection role: com.nsaano.app.backend.Models.ServiceProvider.availability
2025-04-06T15:19:57.796Z DEBUG 19916 --- [           main] o.h.boot.model.internal.PropertyBinder   : Building property availability
2025-04-06T15:19:57.796Z DEBUG 19916 --- [           main] o.h.boot.model.internal.AnnotatedColumn  : Binding column: AnnotatedColumn()
2025-04-06T15:19:57.796Z DEBUG 19916 --- [           main] o.h.boot.model.internal.PropertyBinder   : MetadataSourceProcessor property businessName with lazy=false
2025-04-06T15:19:57.796Z DEBUG 19916 --- [           main] o.h.b.m.internal.AbstractPropertyHolder  : Attempting to locate auto-apply AttributeConverter for property [com.nsaano.app.backend.Models.ServiceProvider:businessName]
2025-04-06T15:19:57.796Z DEBUG 19916 --- [           main] o.h.b.model.internal.BasicValueBinder    : building BasicValue for businessName
2025-04-06T15:19:57.796Z DEBUG 19916 --- [           main] org.hibernate.mapping.BasicValue         : Skipping column re-registration: service_providers.business_name
2025-04-06T15:19:57.796Z DEBUG 19916 --- [           main] o.h.boot.model.internal.PropertyBinder   : Building property businessName
2025-04-06T15:19:57.796Z DEBUG 19916 --- [           main] o.h.boot.model.internal.AnnotatedColumn  : Binding column: AnnotatedColumn()
2025-04-06T15:19:57.796Z DEBUG 19916 --- [           main] o.h.boot.model.internal.PropertyBinder   : MetadataSourceProcessor property description with lazy=false
2025-04-06T15:19:57.796Z DEBUG 19916 --- [           main] o.h.b.m.internal.AbstractPropertyHolder  : Attempting to locate auto-apply AttributeConverter for property [com.nsaano.app.backend.Models.ServiceProvider:description]
2025-04-06T15:19:57.796Z DEBUG 19916 --- [           main] o.h.b.model.internal.BasicValueBinder    : building BasicValue for description
2025-04-06T15:19:57.796Z DEBUG 19916 --- [           main] org.hibernate.mapping.BasicValue         : Skipping column re-registration: service_providers.description
2025-04-06T15:19:57.796Z DEBUG 19916 --- [           main] o.h.boot.model.internal.PropertyBinder   : Building property description
2025-04-06T15:19:57.812Z DEBUG 19916 --- [           main] o.h.boot.model.internal.AnnotatedColumn  : Binding column: AnnotatedColumn()
2025-04-06T15:19:57.812Z DEBUG 19916 --- [           main] o.h.boot.model.internal.PropertyBinder   : MetadataSourceProcessor property email with lazy=false
2025-04-06T15:19:57.812Z DEBUG 19916 --- [           main] o.h.b.m.internal.AbstractPropertyHolder  : Attempting to locate auto-apply AttributeConverter for property [com.nsaano.app.backend.Models.ServiceProvider:email]
2025-04-06T15:19:57.812Z DEBUG 19916 --- [           main] o.h.b.model.internal.BasicValueBinder    : building BasicValue for email
2025-04-06T15:19:57.812Z DEBUG 19916 --- [           main] org.hibernate.mapping.BasicValue         : Skipping column re-registration: service_providers.email
2025-04-06T15:19:57.812Z DEBUG 19916 --- [           main] o.h.boot.model.internal.PropertyBinder   : Building property email
2025-04-06T15:19:57.812Z DEBUG 19916 --- [           main] o.h.boot.model.internal.AnnotatedColumn  : Binding column: AnnotatedColumn()
2025-04-06T15:19:57.812Z DEBUG 19916 --- [           main] o.h.boot.model.internal.AnnotatedColumn  : Binding column: AnnotatedColumn()
2025-04-06T15:19:57.812Z DEBUG 19916 --- [           main] o.h.boot.model.internal.PropertyBinder   : MetadataSourceProcessor property latitude with lazy=false
2025-04-06T15:19:57.812Z DEBUG 19916 --- [           main] o.h.b.m.internal.AbstractPropertyHolder  : Attempting to locate auto-apply AttributeConverter for property [com.nsaano.app.backend.Models.ServiceProvider.location:latitude]
[...]
         - @ConditionalOnClass did not find required class 'org.springframework.data.redis.connection.RedisConnectionFactory' (OnClassCondition)

   RedisReactiveAutoConfiguration:
      Did not match:
         - @ConditionalOnClass did not find required class 'reactor.core.publisher.Flux' (OnClassCondition)

   RedisReactiveHealthContributorAutoConfiguration:
      Did not match:
         - @ConditionalOnClass did not find required class 'reactor.core.publisher.Flux' (OnClassCondition)

   RedisRepositoriesAutoConfiguration:
      Did not match:
         - @ConditionalOnClass did not find required class 'org.springframework.data.redis.repository.configuration.EnableRedisRepositories' (OnClassCondition)

   RepositoryRestMvcAutoConfiguration:
      Did not match:
         - @ConditionalOnClass did not find required class 'org.springframework.data.rest.webmvc.config.RepositoryRestMvcConfiguration' (OnClassCondition)

   Saml2RelyingPartyAutoConfiguration:
      Did not match:
         - @ConditionalOnClass did not find required class 'org.springframework.security.saml2.provider.service.registration.RelyingPartyRegistrationRepository' (OnClassCondition)

   SecurityDataConfiguration:
      Did not match:
         - @ConditionalOnClass did not find required class 'org.springframework.security.data.repository.query.SecurityEvaluationContextExtension' (OnClassCondition)

   SecurityRequestMatchersManagementContextConfiguration.JerseyRequestMatcherConfiguration:
      Did not match:
         - @ConditionalOnClass did not find required class 'org.glassfish.jersey.server.ResourceConfig' (OnClassCondition)

   SendGridAutoConfiguration:
      Did not match:
         - @ConditionalOnClass did not find required class 'com.sendgrid.SendGrid' (OnClassCondition)

   ServletEndpointManagementContextConfiguration.JerseyServletEndpointManagementContextConfiguration:
      Did not match:
         - @ConditionalOnClass did not find required class 'org.glassfish.jersey.server.ResourceConfig' (OnClassCondition)

   ServletManagementContextAutoConfiguration.ApplicationContextFilterConfiguration:
      Did not match:
         - @ConditionalOnProperty (management.server.add-application-context-header=true) did not find property 'add-application-context-header' (OnPropertyCondition)

   ServletWebServerFactoryAutoConfiguration.ForwardedHeaderFilterConfiguration:
      Did not match:
         - @ConditionalOnProperty (server.forward-headers-strategy=framework) did not find property 'server.forward-headers-strategy' (OnPropertyCondition)

   ServletWebServerFactoryConfiguration.EmbeddedJetty:
      Did not match:
         - @ConditionalOnClass did not find required classes 'org.eclipse.jetty.server.Server', 'org.eclipse.jetty.util.Loader', 'org.eclipse.jetty.ee10.webapp.WebAppContext' (OnClassCondition)

   ServletWebServerFactoryConfiguration.EmbeddedUndertow:
      Did not match:
         - @ConditionalOnClass did not find required classes 'io.undertow.Undertow', 'org.xnio.SslClientAuthMode' (OnClassCondition)

   SessionAutoConfiguration:
      Did not match:
         - @ConditionalOnClass did not find required class 'org.springframework.session.Session' (OnClassCondition)

   SessionsEndpointAutoConfiguration:
      Did not match:
         - @ConditionalOnClass did not find required class 'org.springframework.session.Session' (OnClassCondition)

   ShutdownEndpointAutoConfiguration:
      Did not match:
         - @ConditionalOnAvailableEndpoint the configured access for endpoint 'shutdown' is NONE (OnAvailableEndpointCondition)

   SignalFxMetricsExportAutoConfiguration:
      Did not match:
         - @ConditionalOnClass did not find required class 'io.micrometer.signalfx.SignalFxMeterRegistry' (OnClassCondition)

   SpringApplicationAdminJmxAutoConfiguration:
      Did not match:
         - @ConditionalOnProperty (spring.application.admin.enabled=true) did not find property 'enabled' (OnPropertyCondition)

   SpringBootWebSecurityConfiguration.SecurityFilterChainConfiguration:
      Did not match:
         - AllNestedConditions 1 matched 1 did not; NestedCondition on DefaultWebSecurityCondition.Beans @ConditionalOnMissingBean (types: org.springframework.security.web.SecurityFilterChain; SearchStrategy: all) found beans of type 'org.springframework.security.web.SecurityFilterChain' securityFilterChain; NestedCondition on DefaultWebSecurityCondition.Classes @ConditionalOnClass found required classes 'org.springframework.security.web.SecurityFilterChain', 'org.springframework.security.config.annotation.web.builders.HttpSecurity' (DefaultWebSecurityCondition)

   StackdriverMetricsExportAutoConfiguration:
      Did not match:
         - @ConditionalOnClass did not find required class 'io.micrometer.stackdriver.StackdriverMeterRegistry' (OnClassCondition)

   StartupEndpointAutoConfiguration:
      Did not match:
         - ApplicationStartup configured applicationStartup is of type class org.springframework.core.metrics.DefaultApplicationStartup, expected BufferingApplicationStartup. (StartupEndpointAutoConfiguration.ApplicationStartupCondition)

   StatsdMetricsExportAutoConfiguration:
      Did not match:
         - @ConditionalOnClass did not find required class 'io.micrometer.statsd.StatsdMeterRegistry' (OnClassCondition)

   TaskExecutorConfigurations.SimpleAsyncTaskExecutorBuilderConfiguration#simpleAsyncTaskExecutorBuilderVirtualThreads:
      Did not match:
         - @ConditionalOnMissingBean (types: org.springframework.boot.task.SimpleAsyncTaskExecutorBuilder; SearchStrategy: all) found beans of type 'org.springframework.boot.task.SimpleAsyncTaskExecutorBuilder' simpleAsyncTaskExecutorBuilder (OnBeanCondition)

   TaskExecutorConfigurations.TaskExecutorConfiguration#applicationTaskExecutorVirtualThreads:
      Did not match:
         - @ConditionalOnThreading did not find VIRTUAL (OnThreadingCondition)

   TaskSchedulingAutoConfiguration#scheduledBeanLazyInitializationExcludeFilter:
      Did not match:
         - @ConditionalOnBean (names: org.springframework.context.annotation.internalScheduledAnnotationProcessor; SearchStrategy: all) did not find any beans named org.springframework.context.annotation.internalScheduledAnnotationProcessor (OnBeanCondition)

   TaskSchedulingConfigurations.SimpleAsyncTaskSchedulerBuilderConfiguration#simpleAsyncTaskSchedulerBuilderVirtualThreads:
      Did not match:
         - @ConditionalOnMissingBean (types: org.springframework.boot.task.SimpleAsyncTaskSchedulerBuilder; SearchStrategy: all) found beans of type 'org.springframework.boot.task.SimpleAsyncTaskSchedulerBuilder' simpleAsyncTaskSchedulerBuilder (OnBeanCondition)

   TaskSchedulingConfigurations.TaskSchedulerConfiguration:
      Did not match:
         - @ConditionalOnBean (names: org.springframework.context.annotation.internalScheduledAnnotationProcessor; SearchStrategy: all) did not find any beans named org.springframework.context.annotation.internalScheduledAnnotationProcessor (OnBeanCondition)

   ThymeleafAutoConfiguration:
      Did not match:
         - @ConditionalOnClass did not find required class 'org.thymeleaf.spring6.SpringTemplateEngine' (OnClassCondition)

   TransactionAutoConfiguration#transactionalOperator:
      Did not match:
         - @ConditionalOnSingleCandidate (types: org.springframework.transaction.ReactiveTransactionManager; SearchStrategy: all) did not find any beans (OnBeanCondition)

   TransactionAutoConfiguration.AspectJTransactionManagementConfiguration:
      Did not match:
         - @ConditionalOnBean (types: org.springframework.transaction.aspectj.AbstractTransactionAspect; SearchStrategy: all) did not find any beans of type org.springframework.transaction.aspectj.AbstractTransactionAspect (OnBeanCondition)

   TransactionAutoConfiguration.EnableTransactionManagementConfiguration.JdkDynamicAutoProxyConfiguration:
      Did not match:
         - @ConditionalOnProperty (spring.aop.proxy-target-class=false) did not find property 'proxy-target-class' (OnPropertyCondition)

   ValidationAutoConfiguration:
      Did not match:
         - @ConditionalOnClass did not find required class 'jakarta.validation.executable.ExecutableValidator' (OnClassCondition)

   WavefrontAutoConfiguration:
      Did not match:
         - @ConditionalOnClass did not find required class 'com.wavefront.sdk.common.application.ApplicationTags' (OnClassCondition)

   WavefrontMetricsExportAutoConfiguration:
      Did not match:
         - @ConditionalOnClass did not find required class 'com.wavefront.sdk.common.WavefrontSender' (OnClassCondition)

   WavefrontTracingAutoConfiguration:
      Did not match:
         - @ConditionalOnClass did not find required class 'com.wavefront.sdk.common.WavefrontSender' (OnClassCondition)

   WebClientAutoConfiguration:
      Did not match:
         - @ConditionalOnClass did not find required class 'org.springframework.web.reactive.function.client.WebClient' (OnClassCondition)

   WebClientObservationConfiguration:
      Did not match:
         - @ConditionalOnClass did not find required class 'org.springframework.web.reactive.function.client.WebClient' (OnClassCondition)

   WebFluxAutoConfiguration:
      Did not match:
         - @ConditionalOnClass did not find required class 'org.springframework.web.reactive.config.WebFluxConfigurer' (OnClassCondition)

   WebFluxEndpointManagementContextConfiguration:
      Did not match:
         - @ConditionalOnClass did not find required class 'org.springframework.web.reactive.DispatcherHandler' (OnClassCondition)

   WebFluxObservationAutoConfiguration:
      Did not match:
         - @ConditionalOnWebApplication did not find reactive web application classes (OnWebApplicationCondition)

   WebMvcAutoConfiguration#hiddenHttpMethodFilter:
      Did not match:
         - @ConditionalOnProperty (spring.mvc.hiddenmethod.filter.enabled) did not find property 'enabled' (OnPropertyCondition)

   WebMvcAutoConfiguration.ProblemDetailsErrorHandlingConfiguration:
      Did not match:
         - @ConditionalOnProperty (spring.mvc.problemdetails.enabled=true) did not find property 'enabled' (OnPropertyCondition)

   WebMvcAutoConfiguration.ResourceChainCustomizerConfiguration:
      Did not match:
         - @ConditionalOnEnabledResourceChain did not find class org.webjars.WebJarVersionLocator (OnEnabledResourceChainCondition)

   WebMvcAutoConfiguration.WebMvcAutoConfigurationAdapter#beanNameViewResolver:
      Did not match:
         - @ConditionalOnMissingBean (types: org.springframework.web.servlet.view.BeanNameViewResolver; SearchStrategy: all) found beans of type 'org.springframework.web.servlet.view.BeanNameViewResolver' beanNameViewResolver (OnBeanCondition)

   WebMvcEndpointManagementContextConfiguration#managementHealthEndpointWebMvcHandlerMapping:
      Did not match:
         - Management Port actual port type (SAME) did not match required type (DIFFERENT) (OnManagementPortCondition)

   WebServiceTemplateAutoConfiguration:
      Did not match:
         - @ConditionalOnClass did not find required class 'org.springframework.oxm.Marshaller' (OnClassCondition)

   WebServicesAutoConfiguration:
      Did not match:
         - @ConditionalOnClass did not find required class 'org.springframework.ws.transport.http.MessageDispatcherServlet' (OnClassCondition)

   WebSessionIdResolverAutoConfiguration:
      Did not match:
         - @ConditionalOnClass did not find required class 'reactor.core.publisher.Mono' (OnClassCondition)

   WebSocketMessagingAutoConfiguration:
      Did not match:
         - @ConditionalOnClass did not find required class 'org.springframework.web.socket.config.annotation.WebSocketMessageBrokerConfigurer' (OnClassCondition)

   WebSocketReactiveAutoConfiguration:
      Did not match:
         - @ConditionalOnWebApplication did not find reactive web application classes (OnWebApplicationCondition)

   WebSocketServletAutoConfiguration.JettyWebSocketConfiguration:
      Did not match:
         - @ConditionalOnClass did not find required class 'org.eclipse.jetty.ee10.websocket.jakarta.server.config.JakartaWebSocketServletContainerInitializer' (OnClassCondition)

   WebSocketServletAutoConfiguration.UndertowWebSocketConfiguration:
      Did not match:
         - @ConditionalOnClass did not find required class 'io.undertow.websockets.jsr.Bootstrap' (OnClassCondition)

   XADataSourceAutoConfiguration:
      Did not match:
         - @ConditionalOnBean (types: org.springframework.boot.jdbc.XADataSourceWrapper; SearchStrategy: all) did not find any beans of type org.springframework.boot.jdbc.XADataSourceWrapper (OnBeanCondition)
      Matched:
         - @ConditionalOnClass found required classes 'javax.sql.DataSource', 'jakarta.transaction.TransactionManager', 'org.springframework.jdbc.datasource.embedded.EmbeddedDatabaseType' (OnClassCondition)

   ZipkinAutoConfiguration:
      Did not match:
         - @ConditionalOnClass did not find required class 'zipkin2.reporter.Encoding' (OnClassCondition)


Exclusions:
-----------

    None


Unconditional classes:
----------------------

    org.springframework.boot.autoconfigure.context.ConfigurationPropertiesAutoConfiguration

    org.springframework.boot.actuate.autoconfigure.availability.AvailabilityHealthContributorAutoConfiguration

    org.springframework.boot.autoconfigure.ssl.SslAutoConfiguration

    org.springframework.boot.actuate.autoconfigure.info.InfoContributorAutoConfiguration

    org.springframework.boot.autoconfigure.context.PropertyPlaceholderAutoConfiguration

    org.springframework.boot.autoconfigure.context.LifecycleAutoConfiguration

    org.springframework.boot.actuate.autoconfigure.metrics.integration.IntegrationMetricsAutoConfiguration

    org.springframework.boot.actuate.autoconfigure.endpoint.EndpointAutoConfiguration

    org.springframework.boot.actuate.autoconfigure.web.server.ManagementContextAutoConfiguration

    org.springframework.boot.actuate.autoconfigure.health.HealthContributorAutoConfiguration

    org.springframework.boot.actuate.autoconfigure.endpoint.jackson.JacksonEndpointAutoConfiguration

    org.springframework.boot.autoconfigure.availability.ApplicationAvailabilityAutoConfiguration

    org.springframework.boot.autoconfigure.info.ProjectInfoAutoConfiguration



2025-04-06T15:20:13.479Z  INFO 19916 --- [           main] c.n.app.backend.BackendApplicationTests  : Started BackendApplicationTests in 25.829 seconds (process running for 28.123)
2025-04-06T15:20:13.638Z DEBUG 19916 --- [           main] o.s.b.a.ApplicationAvailabilityBean      : Application availability state LivenessState changed to CORRECT
2025-04-06T15:20:13.639Z DEBUG 19916 --- [           main] o.s.b.a.ApplicationAvailabilityBean      : Application availability state ReadinessState changed to ACCEPTING_TRAFFIC
2025-04-06T15:20:13.651Z DEBUG 19916 --- [           main] org.springframework.test.context.cache   : Spring test ApplicationContext cache statistics: [DefaultContextCache@cf0d241 size = 1, maxSize = 32, parentContextCount = 0, hitCount = 0, missCount = 1, failureCount = 0]
2025-04-06T15:20:13.651Z DEBUG 19916 --- [           main] o.s.t.c.w.ServletTestExecutionListener   : Setting up MockHttpServletRequest, MockHttpServletResponse, ServletWebRequest, and RequestContextHolder for test class com.nsaano.app.backend.BackendApplicationTests
2025-04-06T15:20:13.682Z DEBUG 19916 --- [           main] DependencyInjectionTestExecutionListener : Performing dependency injection for test class com.nsaano.app.backend.BackendApplicationTests
2025-04-06T15:20:13.682Z DEBUG 19916 --- [           main] org.springframework.test.context.cache   : Spring test ApplicationContext cache statistics: [DefaultContextCache@cf0d241 size = 1, maxSize = 32, parentContextCount = 0, hitCount = 1, missCount = 1, failureCount = 0]
2025-04-06T15:20:13.682Z DEBUG 19916 --- [           main] org.springframework.test.context.cache   : Spring test ApplicationContext cache statistics: [DefaultContextCache@cf0d241 size = 1, maxSize = 32, parentContextCount = 0, hitCount = 2, missCount = 1, failureCount = 0]
2025-04-06T15:20:13.701Z DEBUG 19916 --- [           main] sContextBeforeModesTestExecutionListener : Before test method: class [BackendApplicationTests], method [contextLoads], class annotated with @DirtiesContext [false] with mode [null], method annotated with @DirtiesContext [false] with mode [null]
2025-04-06T15:20:13.711Z DEBUG 19916 --- [           main] org.springframework.test.context.cache   : Spring test ApplicationContext cache statistics: [DefaultContextCache@cf0d241 size = 1, maxSize = 32, parentContextCount = 0, hitCount = 3, missCount = 1, failureCount = 0]
2025-04-06T15:20:13.716Z DEBUG 19916 --- [           main] org.springframework.test.context.cache   : Spring test ApplicationContext cache statistics: [DefaultContextCache@cf0d241 size = 1, maxSize = 32, parentContextCount = 0, hitCount = 4, missCount = 1, failureCount = 0]
2025-04-06T15:20:15.429Z DEBUG 19916 --- [           main] org.springframework.test.context.cache   : Spring test ApplicationContext cache statistics: [DefaultContextCache@cf0d241 size = 1, maxSize = 32, parentContextCount = 0, hitCount = 5, missCount = 1, failureCount = 0]
2025-04-06T15:20:15.443Z DEBUG 19916 --- [           main] org.springframework.test.context.cache   : Spring test ApplicationContext cache statistics: [DefaultContextCache@cf0d241 size = 1, maxSize = 32, parentContextCount = 0, hitCount = 6, missCount = 1, failureCount = 0]
2025-04-06T15:20:15.473Z DEBUG 19916 --- [           main] org.springframework.test.context.cache   : Spring test ApplicationContext cache statistics: [DefaultContextCache@cf0d241 size = 1, maxSize = 32, parentContextCount = 0, hitCount = 7, missCount = 1, failureCount = 0]
2025-04-06T15:20:15.475Z DEBUG 19916 --- [           main] org.springframework.test.context.cache   : Spring test ApplicationContext cache statistics: [DefaultContextCache@cf0d241 size = 1, maxSize = 32, parentContextCount = 0, hitCount = 8, missCount = 1, failureCount = 0]
2025-04-06T15:20:15.477Z DEBUG 19916 --- [           main] org.springframework.test.context.cache   : Spring test ApplicationContext cache statistics: [DefaultContextCache@cf0d241 size = 1, maxSize = 32, parentContextCount = 0, hitCount = 9, missCount = 1, failureCount = 0]
2025-04-06T15:20:15.477Z DEBUG 19916 --- [           main] org.springframework.test.context.cache   : Spring test ApplicationContext cache statistics: [DefaultContextCache@cf0d241 size = 1, maxSize = 32, parentContextCount = 0, hitCount = 10, missCount = 1, failureCount = 0]
2025-04-06T15:20:15.482Z DEBUG 19916 --- [           main] org.springframework.test.context.cache   : Spring test ApplicationContext cache statistics: [DefaultContextCache@cf0d241 size = 1, maxSize = 32, parentContextCount = 0, hitCount = 11, missCount = 1, failureCount = 0]
2025-04-06T15:20:15.485Z DEBUG 19916 --- [           main] org.springframework.test.context.cache   : Spring test ApplicationContext cache statistics: [DefaultContextCache@cf0d241 size = 1, maxSize = 32, parentContextCount = 0, hitCount = 12, missCount = 1, failureCount = 0]
2025-04-06T15:20:15.490Z DEBUG 19916 --- [           main] org.springframework.test.context.cache   : Spring test ApplicationContext cache statistics: [DefaultContextCache@cf0d241 size = 1, maxSize = 32, parentContextCount = 0, hitCount = 13, missCount = 1, failureCount = 0]
2025-04-06T15:20:15.491Z DEBUG 19916 --- [           main] .c.s.DirtiesContextTestExecutionListener : After test method: class [BackendApplicationTests], method [contextLoads], class annotated with @DirtiesContext [false] with mode [null], method annotated with @DirtiesContext [false] with mode [null]
2025-04-06T15:20:15.491Z DEBUG 19916 --- [           main] o.s.t.c.w.ServletTestExecutionListener   : Resetting RequestContextHolder for test class com.nsaano.app.backend.BackendApplicationTests
]]></system-out>
  </testcase>
</testsuite>